<?xml version="1.0" encoding="UTF-8"?>
<!DOCTYPE coverage SYSTEM "http://cobertura.sourceforge.net/xml/coverage-04.dtd">
<coverage line-rate="1" branch-rate="0" lines-covered="543" lines-valid="543" branches-covered="0" branches-valid="0" complexity="142" version="0.4" timestamp="1780865033">
  <sources>
    <source>/app/src</source>
  </sources>
  <packages>
    <package name="Http/Controllers/Controller.php" line-rate="1" branch-rate="0" complexity="1">
      <classes>
        <class name="Playground\Cms\Api\Http\Controllers\Controller" filename="Http/Controllers/Controller.php" line-rate="1" branch-rate="0" complexity="1">
          <methods>
            <method name="packageInfo" signature="" line-rate="1" branch-rate="0" complexity="1">
              <lines>
                <line number="39" hits="38"/>
              </lines>
            </method>
          </methods>
          <lines>
            <line number="39" hits="38"/>
          </lines>
        </class>
      </classes>
    </package>
    <package name="Http/Controllers/PageController.php" line-rate="1" branch-rate="0" complexity="29">
      <classes>
        <class name="Playground\Cms\Api\Http\Controllers\PageController" filename="Http/Controllers/PageController.php" line-rate="1" branch-rate="0" complexity="29">
          <methods>
            <method name="create" signature="Requests\Page\CreateRequest $request" line-rate="1" branch-rate="0" complexity="1">
              <lines>
                <line number="50" hits="1"/>
                <line number="52" hits="1"/>
                <line number="54" hits="1"/>
                <line number="56" hits="1"/>
                <line number="57" hits="1"/>
                <line number="58" hits="1"/>
              </lines>
            </method>
            <method name="edit" signature="Page $page, Requests\Page\EditRequest $request" line-rate="1" branch-rate="0" complexity="1">
              <lines>
                <line number="71" hits="1"/>
                <line number="73" hits="1"/>
                <line number="74" hits="1"/>
                <line number="75" hits="1"/>
              </lines>
            </method>
            <method name="destroy" signature="Page $page, Requests\Page\DestroyRequest $request" line-rate="1" branch-rate="0" complexity="3">
              <lines>
                <line number="88" hits="4"/>
                <line number="90" hits="4"/>
                <line number="92" hits="4"/>
                <line number="93" hits="4"/>
                <line number="96" hits="4"/>
                <line number="97" hits="3"/>
                <line number="99" hits="1"/>
                <line number="102" hits="4"/>
              </lines>
            </method>
            <method name="lock" signature="Page $page, Requests\Page\LockRequest $request" line-rate="1" branch-rate="0" complexity="2">
              <lines>
                <line number="115" hits="2"/>
                <line number="117" hits="2"/>
                <line number="119" hits="2"/>
                <line number="120" hits="2"/>
                <line number="123" hits="2"/>
                <line number="125" hits="2"/>
                <line number="127" hits="2"/>
                <line number="128" hits="2"/>
                <line number="129" hits="2"/>
              </lines>
            </method>
            <method name="index" signature="Requests\Page\IndexRequest $request" line-rate="1" branch-rate="0" complexity="5">
              <lines>
                <line number="141" hits="2"/>
                <line number="152" hits="2"/>
                <line number="154" hits="2"/>
                <line number="156" hits="2"/>
                <line number="158" hits="2"/>
                <line number="160" hits="1"/>
                <line number="162" hits="1"/>
                <line number="163" hits="1"/>
                <line number="164" hits="1"/>
                <line number="165" hits="1"/>
                <line number="167" hits="1"/>
                <line number="168" hits="1"/>
                <line number="169" hits="1"/>
                <line number="170" hits="1"/>
                <line number="172" hits="1"/>
                <line number="173" hits="1"/>
                <line number="174" hits="1"/>
                <line number="175" hits="1"/>
                <line number="177" hits="1"/>
                <line number="178" hits="1"/>
                <line number="179" hits="1"/>
                <line number="180" hits="1"/>
                <line number="183" hits="2"/>
                <line number="184" hits="2"/>
                <line number="186" hits="2"/>
                <line number="188" hits="2"/>
              </lines>
            </method>
            <method name="restore" signature="Page $page, Requests\Page\RestoreRequest $request" line-rate="1" branch-rate="0" complexity="1">
              <lines>
                <line number="201" hits="2"/>
                <line number="203" hits="2"/>
                <line number="205" hits="2"/>
                <line number="207" hits="2"/>
                <line number="209" hits="2"/>
                <line number="210" hits="2"/>
                <line number="211" hits="2"/>
              </lines>
            </method>
            <method name="restoreRevision" signature="PageRevision $page_revision, Requests\Page\RestoreRevisionRequest $request" line-rate="1" branch-rate="0" complexity="2">
              <lines>
                <line number="224" hits="2"/>
                <line number="226" hits="2"/>
                <line number="231" hits="2"/>
                <line number="232" hits="2"/>
                <line number="233" hits="2"/>
                <line number="234" hits="2"/>
                <line number="236" hits="2"/>
                <line number="238" hits="2"/>
                <line number="240" hits="2"/>
                <line number="241" hits="2"/>
                <line number="242" hits="2"/>
                <line number="243" hits="2"/>
                <line number="244" hits="2"/>
                <line number="247" hits="2"/>
                <line number="249" hits="2"/>
                <line number="250" hits="2"/>
                <line number="251" hits="2"/>
              </lines>
            </method>
            <method name="revision" signature="PageRevision $page_revision, Requests\Page\ShowRevisionRequest $request" line-rate="1" branch-rate="0" complexity="1">
              <lines>
                <line number="264" hits="1"/>
                <line number="266" hits="1"/>
                <line number="267" hits="1"/>
                <line number="268" hits="1"/>
              </lines>
            </method>
            <method name="revisions" signature="Page $page, Requests\Page\RevisionsRequest $request" line-rate="1" branch-rate="0" complexity="5">
              <lines>
                <line number="281" hits="2"/>
                <line number="283" hits="2"/>
                <line number="294" hits="2"/>
                <line number="296" hits="2"/>
                <line number="298" hits="2"/>
                <line number="300" hits="2"/>
                <line number="301" hits="1"/>
                <line number="303" hits="1"/>
                <line number="304" hits="1"/>
                <line number="305" hits="1"/>
                <line number="306" hits="1"/>
                <line number="308" hits="1"/>
                <line number="309" hits="1"/>
                <line number="310" hits="1"/>
                <line number="311" hits="1"/>
                <line number="313" hits="1"/>
                <line number="314" hits="1"/>
                <line number="315" hits="1"/>
                <line number="316" hits="1"/>
                <line number="318" hits="1"/>
                <line number="319" hits="1"/>
                <line number="320" hits="1"/>
                <line number="321" hits="1"/>
                <line number="324" hits="2"/>
                <line number="325" hits="2"/>
                <line number="327" hits="2"/>
                <line number="329" hits="2"/>
                <line number="330" hits="2"/>
                <line number="331" hits="2"/>
              </lines>
            </method>
            <method name="saveRevision" signature="Page $page" line-rate="1" branch-rate="0" complexity="4">
              <lines>
                <line number="342" hits="4"/>
                <line number="344" hits="4"/>
                <line number="346" hits="4"/>
                <line number="347" hits="4"/>
                <line number="348" hits="4"/>
                <line number="349" hits="4"/>
                <line number="351" hits="4"/>
                <line number="352" hits="4"/>
                <line number="353" hits="4"/>
                <line number="355" hits="4"/>
                <line number="356" hits="4"/>
                <line number="358" hits="4"/>
                <line number="360" hits="4"/>
              </lines>
            </method>
            <method name="show" signature="Page $page, Requests\Page\ShowRequest $request" line-rate="1" branch-rate="0" complexity="1">
              <lines>
                <line number="373" hits="1"/>
                <line number="375" hits="1"/>
                <line number="376" hits="1"/>
                <line number="377" hits="1"/>
              </lines>
            </method>
            <method name="store" signature="Requests\Page\StoreRequest $request" line-rate="1" branch-rate="0" complexity="1">
              <lines>
                <line number="389" hits="1"/>
                <line number="391" hits="1"/>
                <line number="393" hits="1"/>
                <line number="395" hits="1"/>
                <line number="397" hits="1"/>
                <line number="399" hits="1"/>
                <line number="401" hits="1"/>
                <line number="402" hits="1"/>
                <line number="403" hits="1"/>
              </lines>
            </method>
            <method name="unlock" signature="Page $page, Requests\Page\UnlockRequest $request" line-rate="1" branch-rate="0" complexity="1">
              <lines>
                <line number="416" hits="2"/>
                <line number="418" hits="2"/>
                <line number="420" hits="2"/>
                <line number="422" hits="2"/>
                <line number="424" hits="2"/>
                <line number="426" hits="2"/>
                <line number="427" hits="2"/>
                <line number="428" hits="2"/>
              </lines>
            </method>
            <method name="update" signature="Page $page, Requests\Page\UpdateRequest $request" line-rate="1" branch-rate="0" complexity="1">
              <lines>
                <line number="441" hits="2"/>
                <line number="443" hits="2"/>
                <line number="445" hits="2"/>
                <line number="447" hits="2"/>
                <line number="449" hits="2"/>
                <line number="451" hits="2"/>
                <line number="453" hits="2"/>
                <line number="454" hits="2"/>
                <line number="455" hits="2"/>
              </lines>
            </method>
          </methods>
          <lines>
            <line number="50" hits="1"/>
            <line number="52" hits="1"/>
            <line number="54" hits="1"/>
            <line number="56" hits="1"/>
            <line number="57" hits="1"/>
            <line number="58" hits="1"/>
            <line number="71" hits="1"/>
            <line number="73" hits="1"/>
            <line number="74" hits="1"/>
            <line number="75" hits="1"/>
            <line number="88" hits="4"/>
            <line number="90" hits="4"/>
            <line number="92" hits="4"/>
            <line number="93" hits="4"/>
            <line number="96" hits="4"/>
            <line number="97" hits="3"/>
            <line number="99" hits="1"/>
            <line number="102" hits="4"/>
            <line number="115" hits="2"/>
            <line number="117" hits="2"/>
            <line number="119" hits="2"/>
            <line number="120" hits="2"/>
            <line number="123" hits="2"/>
            <line number="125" hits="2"/>
            <line number="127" hits="2"/>
            <line number="128" hits="2"/>
            <line number="129" hits="2"/>
            <line number="141" hits="2"/>
            <line number="152" hits="2"/>
            <line number="154" hits="2"/>
            <line number="156" hits="2"/>
            <line number="158" hits="2"/>
            <line number="160" hits="1"/>
            <line number="162" hits="1"/>
            <line number="163" hits="1"/>
            <line number="164" hits="1"/>
            <line number="165" hits="1"/>
            <line number="167" hits="1"/>
            <line number="168" hits="1"/>
            <line number="169" hits="1"/>
            <line number="170" hits="1"/>
            <line number="172" hits="1"/>
            <line number="173" hits="1"/>
            <line number="174" hits="1"/>
            <line number="175" hits="1"/>
            <line number="177" hits="1"/>
            <line number="178" hits="1"/>
            <line number="179" hits="1"/>
            <line number="180" hits="1"/>
            <line number="183" hits="2"/>
            <line number="184" hits="2"/>
            <line number="186" hits="2"/>
            <line number="188" hits="2"/>
            <line number="201" hits="2"/>
            <line number="203" hits="2"/>
            <line number="205" hits="2"/>
            <line number="207" hits="2"/>
            <line number="209" hits="2"/>
            <line number="210" hits="2"/>
            <line number="211" hits="2"/>
            <line number="224" hits="2"/>
            <line number="226" hits="2"/>
            <line number="231" hits="2"/>
            <line number="232" hits="2"/>
            <line number="233" hits="2"/>
            <line number="234" hits="2"/>
            <line number="236" hits="2"/>
            <line number="238" hits="2"/>
            <line number="240" hits="2"/>
            <line number="241" hits="2"/>
            <line number="242" hits="2"/>
            <line number="243" hits="2"/>
            <line number="244" hits="2"/>
            <line number="247" hits="2"/>
            <line number="249" hits="2"/>
            <line number="250" hits="2"/>
            <line number="251" hits="2"/>
            <line number="264" hits="1"/>
            <line number="266" hits="1"/>
            <line number="267" hits="1"/>
            <line number="268" hits="1"/>
            <line number="281" hits="2"/>
            <line number="283" hits="2"/>
            <line number="294" hits="2"/>
            <line number="296" hits="2"/>
            <line number="298" hits="2"/>
            <line number="300" hits="2"/>
            <line number="301" hits="1"/>
            <line number="303" hits="1"/>
            <line number="304" hits="1"/>
            <line number="305" hits="1"/>
            <line number="306" hits="1"/>
            <line number="308" hits="1"/>
            <line number="309" hits="1"/>
            <line number="310" hits="1"/>
            <line number="311" hits="1"/>
            <line number="313" hits="1"/>
            <line number="314" hits="1"/>
            <line number="315" hits="1"/>
            <line number="316" hits="1"/>
            <line number="318" hits="1"/>
            <line number="319" hits="1"/>
            <line number="320" hits="1"/>
            <line number="321" hits="1"/>
            <line number="324" hits="2"/>
            <line number="325" hits="2"/>
            <line number="327" hits="2"/>
            <line number="329" hits="2"/>
            <line number="330" hits="2"/>
            <line number="331" hits="2"/>
            <line number="342" hits="4"/>
            <line number="344" hits="4"/>
            <line number="346" hits="4"/>
            <line number="347" hits="4"/>
            <line number="348" hits="4"/>
            <line number="349" hits="4"/>
            <line number="351" hits="4"/>
            <line number="352" hits="4"/>
            <line number="353" hits="4"/>
            <line number="355" hits="4"/>
            <line number="356" hits="4"/>
            <line number="358" hits="4"/>
            <line number="360" hits="4"/>
            <line number="373" hits="1"/>
            <line number="375" hits="1"/>
            <line number="376" hits="1"/>
            <line number="377" hits="1"/>
            <line number="389" hits="1"/>
            <line number="391" hits="1"/>
            <line number="393" hits="1"/>
            <line number="395" hits="1"/>
            <line number="397" hits="1"/>
            <line number="399" hits="1"/>
            <line number="401" hits="1"/>
            <line number="402" hits="1"/>
            <line number="403" hits="1"/>
            <line number="416" hits="2"/>
            <line number="418" hits="2"/>
            <line number="420" hits="2"/>
            <line number="422" hits="2"/>
            <line number="424" hits="2"/>
            <line number="426" hits="2"/>
            <line number="427" hits="2"/>
            <line number="428" hits="2"/>
            <line number="441" hits="2"/>
            <line number="443" hits="2"/>
            <line number="445" hits="2"/>
            <line number="447" hits="2"/>
            <line number="449" hits="2"/>
            <line number="451" hits="2"/>
            <line number="453" hits="2"/>
            <line number="454" hits="2"/>
            <line number="455" hits="2"/>
          </lines>
        </class>
      </classes>
    </package>
    <package name="Http/Controllers/SnippetController.php" line-rate="1" branch-rate="0" complexity="29">
      <classes>
        <class name="Playground\Cms\Api\Http\Controllers\SnippetController" filename="Http/Controllers/SnippetController.php" line-rate="1" branch-rate="0" complexity="29">
          <methods>
            <method name="create" signature="Requests\Snippet\CreateRequest $request" line-rate="1" branch-rate="0" complexity="1">
              <lines>
                <line number="50" hits="1"/>
                <line number="52" hits="1"/>
                <line number="54" hits="1"/>
                <line number="56" hits="1"/>
                <line number="57" hits="1"/>
                <line number="58" hits="1"/>
              </lines>
            </method>
            <method name="edit" signature="Snippet $snippet, Requests\Snippet\EditRequest $request" line-rate="1" branch-rate="0" complexity="1">
              <lines>
                <line number="71" hits="1"/>
                <line number="73" hits="1"/>
                <line number="74" hits="1"/>
                <line number="75" hits="1"/>
              </lines>
            </method>
            <method name="destroy" signature="Snippet $snippet, Requests\Snippet\DestroyRequest $request" line-rate="1" branch-rate="0" complexity="3">
              <lines>
                <line number="88" hits="4"/>
                <line number="90" hits="4"/>
                <line number="92" hits="4"/>
                <line number="93" hits="4"/>
                <line number="96" hits="4"/>
                <line number="97" hits="3"/>
                <line number="99" hits="1"/>
                <line number="102" hits="4"/>
              </lines>
            </method>
            <method name="lock" signature="Snippet $snippet, Requests\Snippet\LockRequest $request" line-rate="1" branch-rate="0" complexity="2">
              <lines>
                <line number="115" hits="2"/>
                <line number="117" hits="2"/>
                <line number="119" hits="2"/>
                <line number="120" hits="2"/>
                <line number="123" hits="2"/>
                <line number="125" hits="2"/>
                <line number="127" hits="2"/>
                <line number="128" hits="2"/>
                <line number="129" hits="2"/>
              </lines>
            </method>
            <method name="index" signature="Requests\Snippet\IndexRequest $request" line-rate="1" branch-rate="0" complexity="5">
              <lines>
                <line number="141" hits="2"/>
                <line number="152" hits="2"/>
                <line number="154" hits="2"/>
                <line number="156" hits="2"/>
                <line number="158" hits="2"/>
                <line number="160" hits="1"/>
                <line number="162" hits="1"/>
                <line number="163" hits="1"/>
                <line number="164" hits="1"/>
                <line number="165" hits="1"/>
                <line number="167" hits="1"/>
                <line number="168" hits="1"/>
                <line number="169" hits="1"/>
                <line number="170" hits="1"/>
                <line number="172" hits="1"/>
                <line number="173" hits="1"/>
                <line number="174" hits="1"/>
                <line number="175" hits="1"/>
                <line number="177" hits="1"/>
                <line number="178" hits="1"/>
                <line number="179" hits="1"/>
                <line number="180" hits="1"/>
                <line number="183" hits="2"/>
                <line number="184" hits="2"/>
                <line number="186" hits="2"/>
                <line number="188" hits="2"/>
              </lines>
            </method>
            <method name="restore" signature="Snippet $snippet, Requests\Snippet\RestoreRequest $request" line-rate="1" branch-rate="0" complexity="1">
              <lines>
                <line number="201" hits="2"/>
                <line number="203" hits="2"/>
                <line number="205" hits="2"/>
                <line number="207" hits="2"/>
                <line number="209" hits="2"/>
                <line number="210" hits="2"/>
                <line number="211" hits="2"/>
              </lines>
            </method>
            <method name="restoreRevision" signature="SnippetRevision $snippet_revision, Requests\Snippet\RestoreRevisionRequest $request" line-rate="1" branch-rate="0" complexity="2">
              <lines>
                <line number="224" hits="2"/>
                <line number="226" hits="2"/>
                <line number="231" hits="2"/>
                <line number="232" hits="2"/>
                <line number="233" hits="2"/>
                <line number="234" hits="2"/>
                <line number="236" hits="2"/>
                <line number="238" hits="2"/>
                <line number="240" hits="2"/>
                <line number="241" hits="2"/>
                <line number="242" hits="2"/>
                <line number="243" hits="2"/>
                <line number="244" hits="2"/>
                <line number="247" hits="2"/>
                <line number="249" hits="2"/>
                <line number="250" hits="2"/>
                <line number="251" hits="2"/>
              </lines>
            </method>
            <method name="revision" signature="SnippetRevision $snippet_revision, Requests\Snippet\ShowRevisionRequest $request" line-rate="1" branch-rate="0" complexity="1">
              <lines>
                <line number="264" hits="1"/>
                <line number="266" hits="1"/>
                <line number="267" hits="1"/>
                <line number="268" hits="1"/>
              </lines>
            </method>
            <method name="revisions" signature="Snippet $snippet, Requests\Snippet\RevisionsRequest $request" line-rate="1" branch-rate="0" complexity="5">
              <lines>
                <line number="281" hits="2"/>
                <line number="283" hits="2"/>
                <line number="294" hits="2"/>
                <line number="296" hits="2"/>
                <line number="298" hits="2"/>
                <line number="300" hits="2"/>
                <line number="301" hits="1"/>
                <line number="303" hits="1"/>
                <line number="304" hits="1"/>
                <line number="305" hits="1"/>
                <line number="306" hits="1"/>
                <line number="308" hits="1"/>
                <line number="309" hits="1"/>
                <line number="310" hits="1"/>
                <line number="311" hits="1"/>
                <line number="313" hits="1"/>
                <line number="314" hits="1"/>
                <line number="315" hits="1"/>
                <line number="316" hits="1"/>
                <line number="318" hits="1"/>
                <line number="319" hits="1"/>
                <line number="320" hits="1"/>
                <line number="321" hits="1"/>
                <line number="324" hits="2"/>
                <line number="325" hits="2"/>
                <line number="327" hits="2"/>
                <line number="329" hits="2"/>
                <line number="330" hits="2"/>
                <line number="331" hits="2"/>
              </lines>
            </method>
            <method name="saveRevision" signature="Snippet $snippet" line-rate="1" branch-rate="0" complexity="4">
              <lines>
                <line number="342" hits="4"/>
                <line number="344" hits="4"/>
                <line number="346" hits="4"/>
                <line number="347" hits="4"/>
                <line number="348" hits="4"/>
                <line number="349" hits="4"/>
                <line number="351" hits="4"/>
                <line number="352" hits="4"/>
                <line number="353" hits="4"/>
                <line number="355" hits="4"/>
                <line number="356" hits="4"/>
                <line number="358" hits="4"/>
                <line number="360" hits="4"/>
              </lines>
            </method>
            <method name="show" signature="Snippet $snippet, Requests\Snippet\ShowRequest $request" line-rate="1" branch-rate="0" complexity="1">
              <lines>
                <line number="373" hits="1"/>
                <line number="375" hits="1"/>
                <line number="376" hits="1"/>
                <line number="377" hits="1"/>
              </lines>
            </method>
            <method name="store" signature="Requests\Snippet\StoreRequest $request" line-rate="1" branch-rate="0" complexity="1">
              <lines>
                <line number="389" hits="1"/>
                <line number="391" hits="1"/>
                <line number="393" hits="1"/>
                <line number="395" hits="1"/>
                <line number="397" hits="1"/>
                <line number="399" hits="1"/>
                <line number="401" hits="1"/>
                <line number="402" hits="1"/>
                <line number="403" hits="1"/>
              </lines>
            </method>
            <method name="unlock" signature="Snippet $snippet, Requests\Snippet\UnlockRequest $request" line-rate="1" branch-rate="0" complexity="1">
              <lines>
                <line number="416" hits="2"/>
                <line number="418" hits="2"/>
                <line number="420" hits="2"/>
                <line number="422" hits="2"/>
                <line number="424" hits="2"/>
                <line number="426" hits="2"/>
                <line number="427" hits="2"/>
                <line number="428" hits="2"/>
              </lines>
            </method>
            <method name="update" signature="Snippet $snippet, Requests\Snippet\UpdateRequest $request" line-rate="1" branch-rate="0" complexity="1">
              <lines>
                <line number="441" hits="2"/>
                <line number="443" hits="2"/>
                <line number="445" hits="2"/>
                <line number="447" hits="2"/>
                <line number="449" hits="2"/>
                <line number="451" hits="2"/>
                <line number="453" hits="2"/>
                <line number="454" hits="2"/>
                <line number="455" hits="2"/>
              </lines>
            </method>
          </methods>
          <lines>
            <line number="50" hits="1"/>
            <line number="52" hits="1"/>
            <line number="54" hits="1"/>
            <line number="56" hits="1"/>
            <line number="57" hits="1"/>
            <line number="58" hits="1"/>
            <line number="71" hits="1"/>
            <line number="73" hits="1"/>
            <line number="74" hits="1"/>
            <line number="75" hits="1"/>
            <line number="88" hits="4"/>
            <line number="90" hits="4"/>
            <line number="92" hits="4"/>
            <line number="93" hits="4"/>
            <line number="96" hits="4"/>
            <line number="97" hits="3"/>
            <line number="99" hits="1"/>
            <line number="102" hits="4"/>
            <line number="115" hits="2"/>
            <line number="117" hits="2"/>
            <line number="119" hits="2"/>
            <line number="120" hits="2"/>
            <line number="123" hits="2"/>
            <line number="125" hits="2"/>
            <line number="127" hits="2"/>
            <line number="128" hits="2"/>
            <line number="129" hits="2"/>
            <line number="141" hits="2"/>
            <line number="152" hits="2"/>
            <line number="154" hits="2"/>
            <line number="156" hits="2"/>
            <line number="158" hits="2"/>
            <line number="160" hits="1"/>
            <line number="162" hits="1"/>
            <line number="163" hits="1"/>
            <line number="164" hits="1"/>
            <line number="165" hits="1"/>
            <line number="167" hits="1"/>
            <line number="168" hits="1"/>
            <line number="169" hits="1"/>
            <line number="170" hits="1"/>
            <line number="172" hits="1"/>
            <line number="173" hits="1"/>
            <line number="174" hits="1"/>
            <line number="175" hits="1"/>
            <line number="177" hits="1"/>
            <line number="178" hits="1"/>
            <line number="179" hits="1"/>
            <line number="180" hits="1"/>
            <line number="183" hits="2"/>
            <line number="184" hits="2"/>
            <line number="186" hits="2"/>
            <line number="188" hits="2"/>
            <line number="201" hits="2"/>
            <line number="203" hits="2"/>
            <line number="205" hits="2"/>
            <line number="207" hits="2"/>
            <line number="209" hits="2"/>
            <line number="210" hits="2"/>
            <line number="211" hits="2"/>
            <line number="224" hits="2"/>
            <line number="226" hits="2"/>
            <line number="231" hits="2"/>
            <line number="232" hits="2"/>
            <line number="233" hits="2"/>
            <line number="234" hits="2"/>
            <line number="236" hits="2"/>
            <line number="238" hits="2"/>
            <line number="240" hits="2"/>
            <line number="241" hits="2"/>
            <line number="242" hits="2"/>
            <line number="243" hits="2"/>
            <line number="244" hits="2"/>
            <line number="247" hits="2"/>
            <line number="249" hits="2"/>
            <line number="250" hits="2"/>
            <line number="251" hits="2"/>
            <line number="264" hits="1"/>
            <line number="266" hits="1"/>
            <line number="267" hits="1"/>
            <line number="268" hits="1"/>
            <line number="281" hits="2"/>
            <line number="283" hits="2"/>
            <line number="294" hits="2"/>
            <line number="296" hits="2"/>
            <line number="298" hits="2"/>
            <line number="300" hits="2"/>
            <line number="301" hits="1"/>
            <line number="303" hits="1"/>
            <line number="304" hits="1"/>
            <line number="305" hits="1"/>
            <line number="306" hits="1"/>
            <line number="308" hits="1"/>
            <line number="309" hits="1"/>
            <line number="310" hits="1"/>
            <line number="311" hits="1"/>
            <line number="313" hits="1"/>
            <line number="314" hits="1"/>
            <line number="315" hits="1"/>
            <line number="316" hits="1"/>
            <line number="318" hits="1"/>
            <line number="319" hits="1"/>
            <line number="320" hits="1"/>
            <line number="321" hits="1"/>
            <line number="324" hits="2"/>
            <line number="325" hits="2"/>
            <line number="327" hits="2"/>
            <line number="329" hits="2"/>
            <line number="330" hits="2"/>
            <line number="331" hits="2"/>
            <line number="342" hits="4"/>
            <line number="344" hits="4"/>
            <line number="346" hits="4"/>
            <line number="347" hits="4"/>
            <line number="348" hits="4"/>
            <line number="349" hits="4"/>
            <line number="351" hits="4"/>
            <line number="352" hits="4"/>
            <line number="353" hits="4"/>
            <line number="355" hits="4"/>
            <line number="356" hits="4"/>
            <line number="358" hits="4"/>
            <line number="360" hits="4"/>
            <line number="373" hits="1"/>
            <line number="375" hits="1"/>
            <line number="376" hits="1"/>
            <line number="377" hits="1"/>
            <line number="389" hits="1"/>
            <line number="391" hits="1"/>
            <line number="393" hits="1"/>
            <line number="395" hits="1"/>
            <line number="397" hits="1"/>
            <line number="399" hits="1"/>
            <line number="401" hits="1"/>
            <line number="402" hits="1"/>
            <line number="403" hits="1"/>
            <line number="416" hits="2"/>
            <line number="418" hits="2"/>
            <line number="420" hits="2"/>
            <line number="422" hits="2"/>
            <line number="424" hits="2"/>
            <line number="426" hits="2"/>
            <line number="427" hits="2"/>
            <line number="428" hits="2"/>
            <line number="441" hits="2"/>
            <line number="443" hits="2"/>
            <line number="445" hits="2"/>
            <line number="447" hits="2"/>
            <line number="449" hits="2"/>
            <line number="451" hits="2"/>
            <line number="453" hits="2"/>
            <line number="454" hits="2"/>
            <line number="455" hits="2"/>
          </lines>
        </class>
      </classes>
    </package>
    <package name="Http/Requests/FormRequest.php" line-rate="1" branch-rate="0" complexity="6">
      <classes>
        <class name="Playground\Cms\Api\Http\Requests\FormRequest" filename="Http/Requests/FormRequest.php" line-rate="1" branch-rate="0" complexity="6">
          <methods>
            <method name="authorize" signature="" line-rate="1" branch-rate="0" complexity="2">
              <lines>
                <line number="29" hits="38"/>
                <line number="31" hits="38"/>
                <line number="32" hits="1"/>
                <line number="35" hits="37"/>
              </lines>
            </method>
            <method name="rules" signature="" line-rate="1" branch-rate="0" complexity="1">
              <lines>
                <line number="45" hits="37"/>
              </lines>
            </method>
            <method name="userHasAdminPrivileges" signature="?Authenticatable $user" line-rate="1" branch-rate="0" complexity="3">
              <lines>
                <line number="50" hits="11"/>
                <line number="51" hits="11"/>
                <line number="52" hits="10"/>
                <line number="53" hits="9"/>
                <line number="56" hits="1"/>
                <line number="60" hits="11"/>
              </lines>
            </method>
          </methods>
          <lines>
            <line number="29" hits="38"/>
            <line number="31" hits="38"/>
            <line number="32" hits="1"/>
            <line number="35" hits="37"/>
            <line number="45" hits="37"/>
            <line number="50" hits="11"/>
            <line number="51" hits="11"/>
            <line number="52" hits="10"/>
            <line number="53" hits="9"/>
            <line number="56" hits="1"/>
            <line number="60" hits="11"/>
          </lines>
        </class>
      </classes>
    </package>
    <package name="Http/Requests/Page/CreateRequest.php" line-rate="0" branch-rate="0" complexity="0">
      <classes>
        <class name="Playground\Cms\Api\Http\Requests\Page\CreateRequest" filename="Http/Requests/Page/CreateRequest.php" line-rate="0" branch-rate="0" complexity="0">
          <methods/>
          <lines/>
        </class>
      </classes>
    </package>
    <package name="Http/Requests/Page/DestroyRequest.php" line-rate="1" branch-rate="0" complexity="2">
      <classes>
        <class name="Playground\Cms\Api\Http\Requests\Page\DestroyRequest" filename="Http/Requests/Page/DestroyRequest.php" line-rate="1" branch-rate="0" complexity="2">
          <methods>
            <method name="rules" signature="" line-rate="1" branch-rate="0" complexity="2">
              <lines>
                <line number="32" hits="4"/>
                <line number="34" hits="4"/>
                <line number="36" hits="4"/>
                <line number="37" hits="4"/>
                <line number="40" hits="4"/>
              </lines>
            </method>
          </methods>
          <lines>
            <line number="32" hits="4"/>
            <line number="34" hits="4"/>
            <line number="36" hits="4"/>
            <line number="37" hits="4"/>
            <line number="40" hits="4"/>
          </lines>
        </class>
      </classes>
    </package>
    <package name="Http/Requests/Page/EditRequest.php" line-rate="0" branch-rate="0" complexity="0">
      <classes>
        <class name="Playground\Cms\Api\Http\Requests\Page\EditRequest" filename="Http/Requests/Page/EditRequest.php" line-rate="0" branch-rate="0" complexity="0">
          <methods/>
          <lines/>
        </class>
      </classes>
    </package>
    <package name="Http/Requests/Page/IndexRequest.php" line-rate="0" branch-rate="0" complexity="0">
      <classes>
        <class name="Playground\Cms\Api\Http\Requests\Page\IndexRequest" filename="Http/Requests/Page/IndexRequest.php" line-rate="0" branch-rate="0" complexity="0">
          <methods/>
          <lines/>
        </class>
      </classes>
    </package>
    <package name="Http/Requests/Page/LockRequest.php" line-rate="0" branch-rate="0" complexity="0">
      <classes>
        <class name="Playground\Cms\Api\Http\Requests\Page\LockRequest" filename="Http/Requests/Page/LockRequest.php" line-rate="0" branch-rate="0" complexity="0">
          <methods/>
          <lines/>
        </class>
      </classes>
    </package>
    <package name="Http/Requests/Page/RestoreRequest.php" line-rate="0" branch-rate="0" complexity="0">
      <classes>
        <class name="Playground\Cms\Api\Http\Requests\Page\RestoreRequest" filename="Http/Requests/Page/RestoreRequest.php" line-rate="0" branch-rate="0" complexity="0">
          <methods/>
          <lines/>
        </class>
      </classes>
    </package>
    <package name="Http/Requests/Page/RestoreRevisionRequest.php" line-rate="0" branch-rate="0" complexity="0">
      <classes>
        <class name="Playground\Cms\Api\Http\Requests\Page\RestoreRevisionRequest" filename="Http/Requests/Page/RestoreRevisionRequest.php" line-rate="0" branch-rate="0" complexity="0">
          <methods/>
          <lines/>
        </class>
      </classes>
    </package>
    <package name="Http/Requests/Page/RevisionsRequest.php" line-rate="0" branch-rate="0" complexity="0">
      <classes>
        <class name="Playground\Cms\Api\Http\Requests\Page\RevisionsRequest" filename="Http/Requests/Page/RevisionsRequest.php" line-rate="0" branch-rate="0" complexity="0">
          <methods/>
          <lines/>
        </class>
      </classes>
    </package>
    <package name="Http/Requests/Page/ShowRequest.php" line-rate="0" branch-rate="0" complexity="0">
      <classes>
        <class name="Playground\Cms\Api\Http\Requests\Page\ShowRequest" filename="Http/Requests/Page/ShowRequest.php" line-rate="0" branch-rate="0" complexity="0">
          <methods/>
          <lines/>
        </class>
      </classes>
    </package>
    <package name="Http/Requests/Page/ShowRevisionRequest.php" line-rate="0" branch-rate="0" complexity="0">
      <classes>
        <class name="Playground\Cms\Api\Http\Requests\Page\ShowRevisionRequest" filename="Http/Requests/Page/ShowRevisionRequest.php" line-rate="0" branch-rate="0" complexity="0">
          <methods/>
          <lines/>
        </class>
      </classes>
    </package>
    <package name="Http/Requests/Page/StoreRequest.php" line-rate="1" branch-rate="0" complexity="4">
      <classes>
        <class name="Playground\Cms\Api\Http\Requests\Page\StoreRequest" filename="Http/Requests/Page/StoreRequest.php" line-rate="1" branch-rate="0" complexity="4">
          <methods>
            <method name="rules" signature="" line-rate="1" branch-rate="0" complexity="2">
              <lines>
                <line number="119" hits="4"/>
                <line number="124" hits="4"/>
                <line number="126" hits="4"/>
                <line number="127" hits="1"/>
                <line number="130" hits="4"/>
              </lines>
            </method>
            <method name="prepareForValidation" signature="" line-rate="1" branch-rate="0" complexity="2">
              <lines>
                <line number="140" hits="2"/>
                <line number="142" hits="2"/>
                <line number="144" hits="2"/>
                <line number="145" hits="2"/>
                <line number="146" hits="2"/>
                <line number="147" hits="2"/>
                <line number="149" hits="2"/>
                <line number="150" hits="1"/>
              </lines>
            </method>
          </methods>
          <lines>
            <line number="119" hits="4"/>
            <line number="124" hits="4"/>
            <line number="126" hits="4"/>
            <line number="127" hits="1"/>
            <line number="130" hits="4"/>
            <line number="140" hits="2"/>
            <line number="142" hits="2"/>
            <line number="144" hits="2"/>
            <line number="145" hits="2"/>
            <line number="146" hits="2"/>
            <line number="147" hits="2"/>
            <line number="149" hits="2"/>
            <line number="150" hits="1"/>
          </lines>
        </class>
      </classes>
    </package>
    <package name="Http/Requests/Page/UnlockRequest.php" line-rate="0" branch-rate="0" complexity="0">
      <classes>
        <class name="Playground\Cms\Api\Http\Requests\Page\UnlockRequest" filename="Http/Requests/Page/UnlockRequest.php" line-rate="0" branch-rate="0" complexity="0">
          <methods/>
          <lines/>
        </class>
      </classes>
    </package>
    <package name="Http/Requests/Page/UpdateRequest.php" line-rate="1" branch-rate="0" complexity="4">
      <classes>
        <class name="Playground\Cms\Api\Http\Requests\Page\UpdateRequest" filename="Http/Requests/Page/UpdateRequest.php" line-rate="1" branch-rate="0" complexity="4">
          <methods>
            <method name="rules" signature="" line-rate="1" branch-rate="0" complexity="2">
              <lines>
                <line number="119" hits="4"/>
                <line number="124" hits="4"/>
                <line number="126" hits="4"/>
                <line number="127" hits="1"/>
                <line number="130" hits="4"/>
              </lines>
            </method>
            <method name="prepareForValidation" signature="" line-rate="1" branch-rate="0" complexity="2">
              <lines>
                <line number="140" hits="2"/>
                <line number="142" hits="2"/>
                <line number="144" hits="2"/>
                <line number="145" hits="2"/>
                <line number="146" hits="2"/>
                <line number="147" hits="2"/>
                <line number="149" hits="2"/>
                <line number="150" hits="1"/>
              </lines>
            </method>
          </methods>
          <lines>
            <line number="119" hits="4"/>
            <line number="124" hits="4"/>
            <line number="126" hits="4"/>
            <line number="127" hits="1"/>
            <line number="130" hits="4"/>
            <line number="140" hits="2"/>
            <line number="142" hits="2"/>
            <line number="144" hits="2"/>
            <line number="145" hits="2"/>
            <line number="146" hits="2"/>
            <line number="147" hits="2"/>
            <line number="149" hits="2"/>
            <line number="150" hits="1"/>
          </lines>
        </class>
      </classes>
    </package>
    <package name="Http/Requests/Snippet/CreateRequest.php" line-rate="0" branch-rate="0" complexity="0">
      <classes>
        <class name="Playground\Cms\Api\Http\Requests\Snippet\CreateRequest" filename="Http/Requests/Snippet/CreateRequest.php" line-rate="0" branch-rate="0" complexity="0">
          <methods/>
          <lines/>
        </class>
      </classes>
    </package>
    <package name="Http/Requests/Snippet/DestroyRequest.php" line-rate="1" branch-rate="0" complexity="2">
      <classes>
        <class name="Playground\Cms\Api\Http\Requests\Snippet\DestroyRequest" filename="Http/Requests/Snippet/DestroyRequest.php" line-rate="1" branch-rate="0" complexity="2">
          <methods>
            <method name="rules" signature="" line-rate="1" branch-rate="0" complexity="2">
              <lines>
                <line number="32" hits="4"/>
                <line number="34" hits="4"/>
                <line number="36" hits="4"/>
                <line number="37" hits="4"/>
                <line number="40" hits="4"/>
              </lines>
            </method>
          </methods>
          <lines>
            <line number="32" hits="4"/>
            <line number="34" hits="4"/>
            <line number="36" hits="4"/>
            <line number="37" hits="4"/>
            <line number="40" hits="4"/>
          </lines>
        </class>
      </classes>
    </package>
    <package name="Http/Requests/Snippet/EditRequest.php" line-rate="0" branch-rate="0" complexity="0">
      <classes>
        <class name="Playground\Cms\Api\Http\Requests\Snippet\EditRequest" filename="Http/Requests/Snippet/EditRequest.php" line-rate="0" branch-rate="0" complexity="0">
          <methods/>
          <lines/>
        </class>
      </classes>
    </package>
    <package name="Http/Requests/Snippet/IndexRequest.php" line-rate="0" branch-rate="0" complexity="0">
      <classes>
        <class name="Playground\Cms\Api\Http\Requests\Snippet\IndexRequest" filename="Http/Requests/Snippet/IndexRequest.php" line-rate="0" branch-rate="0" complexity="0">
          <methods/>
          <lines/>
        </class>
      </classes>
    </package>
    <package name="Http/Requests/Snippet/LockRequest.php" line-rate="0" branch-rate="0" complexity="0">
      <classes>
        <class name="Playground\Cms\Api\Http\Requests\Snippet\LockRequest" filename="Http/Requests/Snippet/LockRequest.php" line-rate="0" branch-rate="0" complexity="0">
          <methods/>
          <lines/>
        </class>
      </classes>
    </package>
    <package name="Http/Requests/Snippet/RestoreRequest.php" line-rate="0" branch-rate="0" complexity="0">
      <classes>
        <class name="Playground\Cms\Api\Http\Requests\Snippet\RestoreRequest" filename="Http/Requests/Snippet/RestoreRequest.php" line-rate="0" branch-rate="0" complexity="0">
          <methods/>
          <lines/>
        </class>
      </classes>
    </package>
    <package name="Http/Requests/Snippet/RestoreRevisionRequest.php" line-rate="0" branch-rate="0" complexity="0">
      <classes>
        <class name="Playground\Cms\Api\Http\Requests\Snippet\RestoreRevisionRequest" filename="Http/Requests/Snippet/RestoreRevisionRequest.php" line-rate="0" branch-rate="0" complexity="0">
          <methods/>
          <lines/>
        </class>
      </classes>
    </package>
    <package name="Http/Requests/Snippet/RevisionsRequest.php" line-rate="0" branch-rate="0" complexity="0">
      <classes>
        <class name="Playground\Cms\Api\Http\Requests\Snippet\RevisionsRequest" filename="Http/Requests/Snippet/RevisionsRequest.php" line-rate="0" branch-rate="0" complexity="0">
          <methods/>
          <lines/>
        </class>
      </classes>
    </package>
    <package name="Http/Requests/Snippet/ShowRequest.php" line-rate="0" branch-rate="0" complexity="0">
      <classes>
        <class name="Playground\Cms\Api\Http\Requests\Snippet\ShowRequest" filename="Http/Requests/Snippet/ShowRequest.php" line-rate="0" branch-rate="0" complexity="0">
          <methods/>
          <lines/>
        </class>
      </classes>
    </package>
    <package name="Http/Requests/Snippet/ShowRevisionRequest.php" line-rate="0" branch-rate="0" complexity="0">
      <classes>
        <class name="Playground\Cms\Api\Http\Requests\Snippet\ShowRevisionRequest" filename="Http/Requests/Snippet/ShowRevisionRequest.php" line-rate="0" branch-rate="0" complexity="0">
          <methods/>
          <lines/>
        </class>
      </classes>
    </package>
    <package name="Http/Requests/Snippet/StoreRequest.php" line-rate="1" branch-rate="0" complexity="4">
      <classes>
        <class name="Playground\Cms\Api\Http\Requests\Snippet\StoreRequest" filename="Http/Requests/Snippet/StoreRequest.php" line-rate="1" branch-rate="0" complexity="4">
          <methods>
            <method name="rules" signature="" line-rate="1" branch-rate="0" complexity="2">
              <lines>
                <line number="112" hits="4"/>
                <line number="117" hits="4"/>
                <line number="119" hits="4"/>
                <line number="120" hits="1"/>
                <line number="123" hits="4"/>
              </lines>
            </method>
            <method name="prepareForValidation" signature="" line-rate="1" branch-rate="0" complexity="2">
              <lines>
                <line number="133" hits="2"/>
                <line number="135" hits="2"/>
                <line number="137" hits="2"/>
                <line number="138" hits="2"/>
                <line number="139" hits="2"/>
                <line number="140" hits="2"/>
                <line number="142" hits="2"/>
                <line number="143" hits="1"/>
              </lines>
            </method>
          </methods>
          <lines>
            <line number="112" hits="4"/>
            <line number="117" hits="4"/>
            <line number="119" hits="4"/>
            <line number="120" hits="1"/>
            <line number="123" hits="4"/>
            <line number="133" hits="2"/>
            <line number="135" hits="2"/>
            <line number="137" hits="2"/>
            <line number="138" hits="2"/>
            <line number="139" hits="2"/>
            <line number="140" hits="2"/>
            <line number="142" hits="2"/>
            <line number="143" hits="1"/>
          </lines>
        </class>
      </classes>
    </package>
    <package name="Http/Requests/Snippet/UnlockRequest.php" line-rate="0" branch-rate="0" complexity="0">
      <classes>
        <class name="Playground\Cms\Api\Http\Requests\Snippet\UnlockRequest" filename="Http/Requests/Snippet/UnlockRequest.php" line-rate="0" branch-rate="0" complexity="0">
          <methods/>
          <lines/>
        </class>
      </classes>
    </package>
    <package name="Http/Requests/Snippet/UpdateRequest.php" line-rate="1" branch-rate="0" complexity="4">
      <classes>
        <class name="Playground\Cms\Api\Http\Requests\Snippet\UpdateRequest" filename="Http/Requests/Snippet/UpdateRequest.php" line-rate="1" branch-rate="0" complexity="4">
          <methods>
            <method name="rules" signature="" line-rate="1" branch-rate="0" complexity="2">
              <lines>
                <line number="112" hits="4"/>
                <line number="117" hits="4"/>
                <line number="119" hits="4"/>
                <line number="120" hits="1"/>
                <line number="123" hits="4"/>
              </lines>
            </method>
            <method name="prepareForValidation" signature="" line-rate="1" branch-rate="0" complexity="2">
              <lines>
                <line number="133" hits="2"/>
                <line number="135" hits="2"/>
                <line number="137" hits="2"/>
                <line number="138" hits="2"/>
                <line number="139" hits="2"/>
                <line number="140" hits="2"/>
                <line number="142" hits="2"/>
                <line number="143" hits="1"/>
              </lines>
            </method>
          </methods>
          <lines>
            <line number="112" hits="4"/>
            <line number="117" hits="4"/>
            <line number="119" hits="4"/>
            <line number="120" hits="1"/>
            <line number="123" hits="4"/>
            <line number="133" hits="2"/>
            <line number="135" hits="2"/>
            <line number="137" hits="2"/>
            <line number="138" hits="2"/>
            <line number="139" hits="2"/>
            <line number="140" hits="2"/>
            <line number="142" hits="2"/>
            <line number="143" hits="1"/>
          </lines>
        </class>
      </classes>
    </package>
    <package name="Http/Resources/Page.php" line-rate="1" branch-rate="0" complexity="1">
      <classes>
        <class name="Playground\Cms\Api\Http\Resources\Page" filename="Http/Resources/Page.php" line-rate="1" branch-rate="0" complexity="1">
          <methods>
            <method name="with" signature="Request $request" line-rate="1" branch-rate="0" complexity="1">
              <lines>
                <line number="34" hits="14"/>
                <line number="39" hits="14"/>
                <line number="41" hits="14"/>
                <line number="42" hits="14"/>
                <line number="43" hits="14"/>
                <line number="44" hits="14"/>
                <line number="45" hits="14"/>
                <line number="46" hits="14"/>
                <line number="47" hits="14"/>
                <line number="48" hits="14"/>
              </lines>
            </method>
          </methods>
          <lines>
            <line number="34" hits="14"/>
            <line number="39" hits="14"/>
            <line number="41" hits="14"/>
            <line number="42" hits="14"/>
            <line number="43" hits="14"/>
            <line number="44" hits="14"/>
            <line number="45" hits="14"/>
            <line number="46" hits="14"/>
            <line number="47" hits="14"/>
            <line number="48" hits="14"/>
          </lines>
        </class>
      </classes>
    </package>
    <package name="Http/Resources/PageCollection.php" line-rate="1" branch-rate="0" complexity="1">
      <classes>
        <class name="Playground\Cms\Api\Http\Resources\PageCollection" filename="Http/Resources/PageCollection.php" line-rate="1" branch-rate="0" complexity="1">
          <methods>
            <method name="with" signature="Request $request" line-rate="1" branch-rate="0" complexity="1">
              <lines>
                <line number="29" hits="2"/>
                <line number="30" hits="2"/>
                <line number="31" hits="2"/>
                <line number="32" hits="2"/>
                <line number="33" hits="2"/>
                <line number="34" hits="2"/>
                <line number="35" hits="2"/>
                <line number="36" hits="2"/>
                <line number="37" hits="2"/>
                <line number="38" hits="2"/>
                <line number="39" hits="2"/>
                <line number="40" hits="2"/>
              </lines>
            </method>
          </methods>
          <lines>
            <line number="29" hits="2"/>
            <line number="30" hits="2"/>
            <line number="31" hits="2"/>
            <line number="32" hits="2"/>
            <line number="33" hits="2"/>
            <line number="34" hits="2"/>
            <line number="35" hits="2"/>
            <line number="36" hits="2"/>
            <line number="37" hits="2"/>
            <line number="38" hits="2"/>
            <line number="39" hits="2"/>
            <line number="40" hits="2"/>
          </lines>
        </class>
      </classes>
    </package>
    <package name="Http/Resources/PageRevision.php" line-rate="1" branch-rate="0" complexity="1">
      <classes>
        <class name="Playground\Cms\Api\Http\Resources\PageRevision" filename="Http/Resources/PageRevision.php" line-rate="1" branch-rate="0" complexity="1">
          <methods>
            <method name="with" signature="Request $request" line-rate="1" branch-rate="0" complexity="1">
              <lines>
                <line number="34" hits="1"/>
                <line number="39" hits="1"/>
                <line number="41" hits="1"/>
                <line number="42" hits="1"/>
                <line number="43" hits="1"/>
                <line number="44" hits="1"/>
                <line number="45" hits="1"/>
                <line number="46" hits="1"/>
                <line number="47" hits="1"/>
                <line number="48" hits="1"/>
              </lines>
            </method>
          </methods>
          <lines>
            <line number="34" hits="1"/>
            <line number="39" hits="1"/>
            <line number="41" hits="1"/>
            <line number="42" hits="1"/>
            <line number="43" hits="1"/>
            <line number="44" hits="1"/>
            <line number="45" hits="1"/>
            <line number="46" hits="1"/>
            <line number="47" hits="1"/>
            <line number="48" hits="1"/>
          </lines>
        </class>
      </classes>
    </package>
    <package name="Http/Resources/PageRevisionCollection.php" line-rate="1" branch-rate="0" complexity="1">
      <classes>
        <class name="Playground\Cms\Api\Http\Resources\PageRevisionCollection" filename="Http/Resources/PageRevisionCollection.php" line-rate="1" branch-rate="0" complexity="1">
          <methods>
            <method name="with" signature="Request $request" line-rate="1" branch-rate="0" complexity="1">
              <lines>
                <line number="29" hits="2"/>
                <line number="30" hits="2"/>
                <line number="31" hits="2"/>
                <line number="32" hits="2"/>
                <line number="33" hits="2"/>
                <line number="34" hits="2"/>
                <line number="35" hits="2"/>
                <line number="36" hits="2"/>
                <line number="37" hits="2"/>
                <line number="38" hits="2"/>
                <line number="39" hits="2"/>
                <line number="40" hits="2"/>
              </lines>
            </method>
          </methods>
          <lines>
            <line number="29" hits="2"/>
            <line number="30" hits="2"/>
            <line number="31" hits="2"/>
            <line number="32" hits="2"/>
            <line number="33" hits="2"/>
            <line number="34" hits="2"/>
            <line number="35" hits="2"/>
            <line number="36" hits="2"/>
            <line number="37" hits="2"/>
            <line number="38" hits="2"/>
            <line number="39" hits="2"/>
            <line number="40" hits="2"/>
          </lines>
        </class>
      </classes>
    </package>
    <package name="Http/Resources/Snippet.php" line-rate="1" branch-rate="0" complexity="1">
      <classes>
        <class name="Playground\Cms\Api\Http\Resources\Snippet" filename="Http/Resources/Snippet.php" line-rate="1" branch-rate="0" complexity="1">
          <methods>
            <method name="with" signature="Request $request" line-rate="1" branch-rate="0" complexity="1">
              <lines>
                <line number="34" hits="14"/>
                <line number="39" hits="14"/>
                <line number="41" hits="14"/>
                <line number="42" hits="14"/>
                <line number="43" hits="14"/>
                <line number="44" hits="14"/>
                <line number="45" hits="14"/>
                <line number="46" hits="14"/>
                <line number="47" hits="14"/>
                <line number="48" hits="14"/>
              </lines>
            </method>
          </methods>
          <lines>
            <line number="34" hits="14"/>
            <line number="39" hits="14"/>
            <line number="41" hits="14"/>
            <line number="42" hits="14"/>
            <line number="43" hits="14"/>
            <line number="44" hits="14"/>
            <line number="45" hits="14"/>
            <line number="46" hits="14"/>
            <line number="47" hits="14"/>
            <line number="48" hits="14"/>
          </lines>
        </class>
      </classes>
    </package>
    <package name="Http/Resources/SnippetCollection.php" line-rate="1" branch-rate="0" complexity="1">
      <classes>
        <class name="Playground\Cms\Api\Http\Resources\SnippetCollection" filename="Http/Resources/SnippetCollection.php" line-rate="1" branch-rate="0" complexity="1">
          <methods>
            <method name="with" signature="Request $request" line-rate="1" branch-rate="0" complexity="1">
              <lines>
                <line number="29" hits="2"/>
                <line number="30" hits="2"/>
                <line number="31" hits="2"/>
                <line number="32" hits="2"/>
                <line number="33" hits="2"/>
                <line number="34" hits="2"/>
                <line number="35" hits="2"/>
                <line number="36" hits="2"/>
                <line number="37" hits="2"/>
                <line number="38" hits="2"/>
                <line number="39" hits="2"/>
                <line number="40" hits="2"/>
              </lines>
            </method>
          </methods>
          <lines>
            <line number="29" hits="2"/>
            <line number="30" hits="2"/>
            <line number="31" hits="2"/>
            <line number="32" hits="2"/>
            <line number="33" hits="2"/>
            <line number="34" hits="2"/>
            <line number="35" hits="2"/>
            <line number="36" hits="2"/>
            <line number="37" hits="2"/>
            <line number="38" hits="2"/>
            <line number="39" hits="2"/>
            <line number="40" hits="2"/>
          </lines>
        </class>
      </classes>
    </package>
    <package name="Http/Resources/SnippetRevision.php" line-rate="1" branch-rate="0" complexity="1">
      <classes>
        <class name="Playground\Cms\Api\Http\Resources\SnippetRevision" filename="Http/Resources/SnippetRevision.php" line-rate="1" branch-rate="0" complexity="1">
          <methods>
            <method name="with" signature="Request $request" line-rate="1" branch-rate="0" complexity="1">
              <lines>
                <line number="34" hits="1"/>
                <line number="39" hits="1"/>
                <line number="41" hits="1"/>
                <line number="42" hits="1"/>
                <line number="43" hits="1"/>
                <line number="44" hits="1"/>
                <line number="45" hits="1"/>
                <line number="46" hits="1"/>
                <line number="47" hits="1"/>
                <line number="48" hits="1"/>
              </lines>
            </method>
          </methods>
          <lines>
            <line number="34" hits="1"/>
            <line number="39" hits="1"/>
            <line number="41" hits="1"/>
            <line number="42" hits="1"/>
            <line number="43" hits="1"/>
            <line number="44" hits="1"/>
            <line number="45" hits="1"/>
            <line number="46" hits="1"/>
            <line number="47" hits="1"/>
            <line number="48" hits="1"/>
          </lines>
        </class>
      </classes>
    </package>
    <package name="Http/Resources/SnippetRevisionCollection.php" line-rate="1" branch-rate="0" complexity="1">
      <classes>
        <class name="Playground\Cms\Api\Http\Resources\SnippetRevisionCollection" filename="Http/Resources/SnippetRevisionCollection.php" line-rate="1" branch-rate="0" complexity="1">
          <methods>
            <method name="with" signature="Request $request" line-rate="1" branch-rate="0" complexity="1">
              <lines>
                <line number="29" hits="2"/>
                <line number="30" hits="2"/>
                <line number="31" hits="2"/>
                <line number="32" hits="2"/>
                <line number="33" hits="2"/>
                <line number="34" hits="2"/>
                <line number="35" hits="2"/>
                <line number="36" hits="2"/>
                <line number="37" hits="2"/>
                <line number="38" hits="2"/>
                <line number="39" hits="2"/>
                <line number="40" hits="2"/>
              </lines>
            </method>
          </methods>
          <lines>
            <line number="29" hits="2"/>
            <line number="30" hits="2"/>
            <line number="31" hits="2"/>
            <line number="32" hits="2"/>
            <line number="33" hits="2"/>
            <line number="34" hits="2"/>
            <line number="35" hits="2"/>
            <line number="36" hits="2"/>
            <line number="37" hits="2"/>
            <line number="38" hits="2"/>
            <line number="39" hits="2"/>
            <line number="40" hits="2"/>
          </lines>
        </class>
      </classes>
    </package>
    <package name="Policies/PagePolicy.php" line-rate="1" branch-rate="0" complexity="3">
      <classes>
        <class name="Playground\Cms\Api\Policies\PagePolicy" filename="Policies/PagePolicy.php" line-rate="1" branch-rate="0" complexity="3">
          <methods>
            <method name="revisions" signature="Authenticatable $user" line-rate="1" branch-rate="0" complexity="1">
              <lines>
                <line number="51" hits="2"/>
              </lines>
            </method>
            <method name="viewRevision" signature="Authenticatable $user, PageRevision $page_revision" line-rate="1" branch-rate="0" complexity="1">
              <lines>
                <line number="59" hits="1"/>
              </lines>
            </method>
            <method name="restoreRevision" signature="Authenticatable $user, PageRevision $page_revision" line-rate="1" branch-rate="0" complexity="1">
              <lines>
                <line number="67" hits="3"/>
              </lines>
            </method>
          </methods>
          <lines>
            <line number="51" hits="2"/>
            <line number="59" hits="1"/>
            <line number="67" hits="3"/>
          </lines>
        </class>
      </classes>
    </package>
    <package name="Policies/SnippetPolicy.php" line-rate="1" branch-rate="0" complexity="3">
      <classes>
        <class name="Playground\Cms\Api\Policies\SnippetPolicy" filename="Policies/SnippetPolicy.php" line-rate="1" branch-rate="0" complexity="3">
          <methods>
            <method name="revisions" signature="Authenticatable $user" line-rate="1" branch-rate="0" complexity="1">
              <lines>
                <line number="51" hits="2"/>
              </lines>
            </method>
            <method name="viewRevision" signature="Authenticatable $user, SnippetRevision $snippet_revision" line-rate="1" branch-rate="0" complexity="1">
              <lines>
                <line number="59" hits="1"/>
              </lines>
            </method>
            <method name="restoreRevision" signature="Authenticatable $user, SnippetRevision $snippet_revision" line-rate="1" branch-rate="0" complexity="1">
              <lines>
                <line number="67" hits="3"/>
              </lines>
            </method>
          </methods>
          <lines>
            <line number="51" hits="2"/>
            <line number="59" hits="1"/>
            <line number="67" hits="3"/>
          </lines>
        </class>
      </classes>
    </package>
    <package name="ServiceProvider.php" line-rate="1" branch-rate="0" complexity="43">
      <classes>
        <class name="Playground\Cms\Api\ServiceProvider" filename="ServiceProvider.php" line-rate="1" branch-rate="0" complexity="43">
          <methods>
            <method name="boot" signature="" line-rate="1" branch-rate="0" complexity="12">
              <lines>
                <line number="63" hits="127"/>
                <line number="65" hits="127"/>
                <line number="67" hits="127"/>
                <line number="68" hits="127"/>
                <line number="69" hits="127"/>
                <line number="70" hits="127"/>
                <line number="71" hits="127"/>
                <line number="74" hits="127"/>
                <line number="75" hits="127"/>
                <line number="76" hits="127"/>
                <line number="78" hits="127"/>
                <line number="79" hits="127"/>
                <line number="82" hits="127"/>
                <line number="83" hits="127"/>
                <line number="84" hits="127"/>
                <line number="86" hits="127"/>
                <line number="90" hits="127"/>
                <line number="92" hits="127"/>
                <line number="93" hits="127"/>
                <line number="94" hits="127"/>
                <line number="97" hits="127"/>
                <line number="98" hits="127"/>
                <line number="99" hits="127"/>
                <line number="102" hits="127"/>
                <line number="103" hits="127"/>
              </lines>
            </method>
            <method name="register" signature="" line-rate="1" branch-rate="0" complexity="1">
              <lines>
                <line number="112" hits="127"/>
                <line number="113" hits="127"/>
                <line number="114" hits="127"/>
                <line number="115" hits="127"/>
              </lines>
            </method>
            <method name="setPolicies" signature="array $policies" line-rate="1" branch-rate="0" complexity="9">
              <lines>
                <line number="125" hits="127"/>
                <line number="126" hits="127"/>
                <line number="127" hits="1"/>
                <line number="128" hits="1"/>
                <line number="129" hits="1"/>
                <line number="130" hits="1"/>
                <line number="131" hits="1"/>
                <line number="132" hits="1"/>
                <line number="134" hits="1"/>
                <line number="136" hits="127"/>
                <line number="137" hits="1"/>
                <line number="138" hits="1"/>
                <line number="139" hits="1"/>
                <line number="140" hits="1"/>
                <line number="141" hits="1"/>
                <line number="142" hits="1"/>
                <line number="144" hits="1"/>
                <line number="146" hits="127"/>
              </lines>
            </method>
            <method name="routes" signature="array $config" line-rate="1" branch-rate="0" complexity="3">
              <lines>
                <line number="155" hits="127"/>
                <line number="156" hits="127"/>
                <line number="158" hits="127"/>
                <line number="159" hits="127"/>
              </lines>
            </method>
            <method name="about" signature="" line-rate="1" branch-rate="0" complexity="18">
              <lines>
                <line number="165" hits="127"/>
                <line number="166" hits="127"/>
                <line number="168" hits="127"/>
                <line number="170" hits="127"/>
                <line number="172" hits="127"/>
                <line number="174" hits="127"/>
                <line number="176" hits="127"/>
                <line number="178" hits="127"/>
                <line number="179" hits="127"/>
                <line number="180" hits="127"/>
                <line number="182" hits="127"/>
                <line number="183" hits="127"/>
                <line number="184" hits="127"/>
                <line number="186" hits="127"/>
                <line number="187" hits="127"/>
                <line number="189" hits="127"/>
                <line number="190" hits="127"/>
                <line number="191" hits="127"/>
              </lines>
            </method>
          </methods>
          <lines>
            <line number="63" hits="127"/>
            <line number="65" hits="127"/>
            <line number="67" hits="127"/>
            <line number="68" hits="127"/>
            <line number="69" hits="127"/>
            <line number="70" hits="127"/>
            <line number="71" hits="127"/>
            <line number="74" hits="127"/>
            <line number="75" hits="127"/>
            <line number="76" hits="127"/>
            <line number="78" hits="127"/>
            <line number="79" hits="127"/>
            <line number="82" hits="127"/>
            <line number="83" hits="127"/>
            <line number="84" hits="127"/>
            <line number="86" hits="127"/>
            <line number="90" hits="127"/>
            <line number="92" hits="127"/>
            <line number="93" hits="127"/>
            <line number="94" hits="127"/>
            <line number="97" hits="127"/>
            <line number="98" hits="127"/>
            <line number="99" hits="127"/>
            <line number="102" hits="127"/>
            <line number="103" hits="127"/>
            <line number="112" hits="127"/>
            <line number="113" hits="127"/>
            <line number="114" hits="127"/>
            <line number="115" hits="127"/>
            <line number="125" hits="127"/>
            <line number="126" hits="127"/>
            <line number="127" hits="1"/>
            <line number="128" hits="1"/>
            <line number="129" hits="1"/>
            <line number="130" hits="1"/>
            <line number="131" hits="1"/>
            <line number="132" hits="1"/>
            <line number="134" hits="1"/>
            <line number="136" hits="127"/>
            <line number="137" hits="1"/>
            <line number="138" hits="1"/>
            <line number="139" hits="1"/>
            <line number="140" hits="1"/>
            <line number="141" hits="1"/>
            <line number="142" hits="1"/>
            <line number="144" hits="1"/>
            <line number="146" hits="127"/>
            <line number="155" hits="127"/>
            <line number="156" hits="127"/>
            <line number="158" hits="127"/>
            <line number="159" hits="127"/>
            <line number="165" hits="127"/>
            <line number="166" hits="127"/>
            <line number="168" hits="127"/>
            <line number="170" hits="127"/>
            <line number="172" hits="127"/>
            <line number="174" hits="127"/>
            <line number="176" hits="127"/>
            <line number="178" hits="127"/>
            <line number="179" hits="127"/>
            <line number="180" hits="127"/>
            <line number="182" hits="127"/>
            <line number="183" hits="127"/>
            <line number="184" hits="127"/>
            <line number="186" hits="127"/>
            <line number="187" hits="127"/>
            <line number="189" hits="127"/>
            <line number="190" hits="127"/>
            <line number="191" hits="127"/>
          </lines>
        </class>
      </classes>
    </package>
  </packages>
</coverage>
