<?xml version="1.0" encoding="UTF-8"?>
<!DOCTYPE coverage SYSTEM "http://cobertura.sourceforge.net/xml/coverage-04.dtd">
<coverage line-rate="1" branch-rate="0" lines-covered="519" lines-valid="519" branches-covered="0" branches-valid="0" complexity="155" version="0.4" timestamp="1711148099">
  <sources>
    <source>/app/src</source>
  </sources>
  <packages>
    <package name="Http/Controllers/Controller.php" line-rate="0" branch-rate="0" complexity="0">
      <classes>
        <class name="Playground\Cms\Api\Http\Controllers\Controller" filename="Http/Controllers/Controller.php" line-rate="0" branch-rate="0" complexity="0">
          <methods/>
          <lines/>
        </class>
      </classes>
    </package>
    <package name="Http/Controllers/PageController.php" line-rate="1" branch-rate="0" complexity="27">
      <classes>
        <class name="Playground\Cms\Api\Http\Controllers\PageController" filename="Http/Controllers/PageController.php" line-rate="1" branch-rate="0" complexity="27">
          <methods>
            <method name="create" signature="Playground\Cms\Api\Http\Requests\Page\CreateRequest $request" line-rate="1" branch-rate="0" complexity="1">
              <lines>
                <line number="64" hits="1"/>
                <line number="66" hits="1"/>
                <line number="68" hits="1"/>
                <line number="70" hits="1"/>
              </lines>
            </method>
            <method name="edit" signature="Playground\Cms\Models\Page $page, Playground\Cms\Api\Http\Requests\Page\EditRequest $request" line-rate="1" branch-rate="0" complexity="1">
              <lines>
                <line number="82" hits="1"/>
              </lines>
            </method>
            <method name="destroy" signature="Playground\Cms\Models\Page $page, Playground\Cms\Api\Http\Requests\Page\DestroyRequest $request" line-rate="1" branch-rate="0" complexity="2">
              <lines>
                <line number="94" hits="4"/>
                <line number="96" hits="4"/>
                <line number="97" hits="3"/>
                <line number="99" hits="1"/>
                <line number="102" hits="4"/>
              </lines>
            </method>
            <method name="lock" signature="Playground\Cms\Models\Page $page, Playground\Cms\Api\Http\Requests\Page\LockRequest $request" line-rate="1" branch-rate="0" complexity="1">
              <lines>
                <line number="114" hits="2"/>
                <line number="116" hits="2"/>
                <line number="118" hits="2"/>
                <line number="120" hits="2"/>
                <line number="122" hits="2"/>
              </lines>
            </method>
            <method name="index" signature="Playground\Cms\Api\Http\Requests\Page\IndexRequest $request" line-rate="1" branch-rate="0" complexity="5">
              <lines>
                <line number="133" hits="2"/>
                <line number="135" hits="2"/>
                <line number="137" hits="2"/>
                <line number="139" hits="2"/>
                <line number="141" hits="2"/>
                <line number="142" hits="1"/>
                <line number="144" hits="1"/>
                <line number="145" hits="1"/>
                <line number="146" hits="1"/>
                <line number="147" hits="1"/>
                <line number="149" hits="1"/>
                <line number="150" hits="1"/>
                <line number="151" hits="1"/>
                <line number="152" hits="1"/>
                <line number="154" hits="1"/>
                <line number="155" hits="1"/>
                <line number="156" hits="1"/>
                <line number="157" hits="1"/>
                <line number="159" hits="1"/>
                <line number="160" hits="1"/>
                <line number="161" hits="1"/>
                <line number="162" hits="1"/>
                <line number="165" hits="2"/>
                <line number="166" hits="2"/>
                <line number="168" hits="2"/>
                <line number="170" hits="2"/>
              </lines>
            </method>
            <method name="restore" signature="Playground\Cms\Models\Page $page, Playground\Cms\Api\Http\Requests\Page\RestoreRequest $request" line-rate="1" branch-rate="0" complexity="1">
              <lines>
                <line number="184" hits="2"/>
                <line number="186" hits="2"/>
              </lines>
            </method>
            <method name="restoreRevision" signature="Playground\Cms\Models\PageRevision $page_revision, Playground\Cms\Api\Http\Requests\Page\RestoreRevisionRequest $request" line-rate="1" branch-rate="0" complexity="2">
              <lines>
                <line number="198" hits="2"/>
                <line number="203" hits="2"/>
                <line number="204" hits="2"/>
                <line number="205" hits="2"/>
                <line number="206" hits="2"/>
                <line number="208" hits="2"/>
                <line number="210" hits="2"/>
                <line number="212" hits="2"/>
                <line number="213" hits="2"/>
                <line number="214" hits="2"/>
                <line number="215" hits="2"/>
                <line number="216" hits="2"/>
                <line number="219" hits="2"/>
                <line number="221" hits="2"/>
              </lines>
            </method>
            <method name="revision" signature="Playground\Cms\Models\PageRevision $page_revision, Playground\Cms\Api\Http\Requests\Page\ShowRevisionRequest $request" line-rate="1" branch-rate="0" complexity="1">
              <lines>
                <line number="233" hits="1"/>
                <line number="235" hits="1"/>
                <line number="237" hits="1"/>
                <line number="238" hits="1"/>
                <line number="239" hits="1"/>
                <line number="240" hits="1"/>
                <line number="241" hits="1"/>
                <line number="242" hits="1"/>
                <line number="243" hits="1"/>
                <line number="245" hits="1"/>
              </lines>
            </method>
            <method name="revisions" signature="Playground\Cms\Models\Page $page, Playground\Cms\Api\Http\Requests\Page\RevisionsRequest $request" line-rate="1" branch-rate="0" complexity="5">
              <lines>
                <line number="257" hits="2"/>
                <line number="259" hits="2"/>
                <line number="261" hits="2"/>
                <line number="263" hits="2"/>
                <line number="265" hits="2"/>
                <line number="266" hits="1"/>
                <line number="268" hits="1"/>
                <line number="269" hits="1"/>
                <line number="270" hits="1"/>
                <line number="271" hits="1"/>
                <line number="273" hits="1"/>
                <line number="274" hits="1"/>
                <line number="275" hits="1"/>
                <line number="276" hits="1"/>
                <line number="278" hits="1"/>
                <line number="279" hits="1"/>
                <line number="280" hits="1"/>
                <line number="281" hits="1"/>
                <line number="283" hits="1"/>
                <line number="284" hits="1"/>
                <line number="285" hits="1"/>
                <line number="286" hits="1"/>
                <line number="289" hits="2"/>
                <line number="290" hits="2"/>
                <line number="292" hits="2"/>
                <line number="294" hits="2"/>
              </lines>
            </method>
            <method name="saveRevision" signature="Playground\Cms\Models\Page $page" line-rate="1" branch-rate="0" complexity="4">
              <lines>
                <line number="302" hits="3"/>
                <line number="304" hits="3"/>
                <line number="305" hits="3"/>
                <line number="306" hits="3"/>
                <line number="307" hits="3"/>
                <line number="309" hits="3"/>
                <line number="310" hits="3"/>
                <line number="311" hits="3"/>
                <line number="313" hits="3"/>
                <line number="314" hits="3"/>
                <line number="316" hits="3"/>
                <line number="318" hits="3"/>
              </lines>
            </method>
            <method name="show" signature="Playground\Cms\Models\Page $page, Playground\Cms\Api\Http\Requests\Page\ShowRequest $request" line-rate="1" branch-rate="0" complexity="1">
              <lines>
                <line number="330" hits="1"/>
                <line number="332" hits="1"/>
                <line number="334" hits="1"/>
                <line number="335" hits="1"/>
                <line number="336" hits="1"/>
                <line number="337" hits="1"/>
                <line number="338" hits="1"/>
                <line number="339" hits="1"/>
                <line number="340" hits="1"/>
                <line number="342" hits="1"/>
              </lines>
            </method>
            <method name="store" signature="Playground\Cms\Api\Http\Requests\Page\StoreRequest $request" line-rate="1" branch-rate="0" complexity="1">
              <lines>
                <line number="353" hits="1"/>
                <line number="355" hits="1"/>
                <line number="357" hits="1"/>
                <line number="359" hits="1"/>
                <line number="361" hits="1"/>
                <line number="363" hits="1"/>
                <line number="364" hits="1"/>
                <line number="365" hits="1"/>
              </lines>
            </method>
            <method name="unlock" signature="Playground\Cms\Models\Page $page, Playground\Cms\Api\Http\Requests\Page\UnlockRequest $request" line-rate="1" branch-rate="0" complexity="1">
              <lines>
                <line number="377" hits="2"/>
                <line number="379" hits="2"/>
                <line number="381" hits="2"/>
                <line number="383" hits="2"/>
                <line number="385" hits="2"/>
              </lines>
            </method>
            <method name="update" signature="Playground\Cms\Models\Page $page, Playground\Cms\Api\Http\Requests\Page\UpdateRequest $request" line-rate="1" branch-rate="0" complexity="1">
              <lines>
                <line number="397" hits="1"/>
                <line number="399" hits="1"/>
                <line number="401" hits="1"/>
                <line number="403" hits="1"/>
                <line number="405" hits="1"/>
                <line number="407" hits="1"/>
              </lines>
            </method>
          </methods>
          <lines>
            <line number="64" hits="1"/>
            <line number="66" hits="1"/>
            <line number="68" hits="1"/>
            <line number="70" hits="1"/>
            <line number="82" hits="1"/>
            <line number="94" hits="4"/>
            <line number="96" hits="4"/>
            <line number="97" hits="3"/>
            <line number="99" hits="1"/>
            <line number="102" hits="4"/>
            <line number="114" hits="2"/>
            <line number="116" hits="2"/>
            <line number="118" hits="2"/>
            <line number="120" hits="2"/>
            <line number="122" hits="2"/>
            <line number="133" hits="2"/>
            <line number="135" hits="2"/>
            <line number="137" hits="2"/>
            <line number="139" hits="2"/>
            <line number="141" hits="2"/>
            <line number="142" hits="1"/>
            <line number="144" hits="1"/>
            <line number="145" hits="1"/>
            <line number="146" hits="1"/>
            <line number="147" hits="1"/>
            <line number="149" hits="1"/>
            <line number="150" hits="1"/>
            <line number="151" hits="1"/>
            <line number="152" hits="1"/>
            <line number="154" hits="1"/>
            <line number="155" hits="1"/>
            <line number="156" hits="1"/>
            <line number="157" hits="1"/>
            <line number="159" hits="1"/>
            <line number="160" hits="1"/>
            <line number="161" hits="1"/>
            <line number="162" hits="1"/>
            <line number="165" hits="2"/>
            <line number="166" hits="2"/>
            <line number="168" hits="2"/>
            <line number="170" hits="2"/>
            <line number="184" hits="2"/>
            <line number="186" hits="2"/>
            <line number="198" hits="2"/>
            <line number="203" hits="2"/>
            <line number="204" hits="2"/>
            <line number="205" hits="2"/>
            <line number="206" hits="2"/>
            <line number="208" hits="2"/>
            <line number="210" hits="2"/>
            <line number="212" hits="2"/>
            <line number="213" hits="2"/>
            <line number="214" hits="2"/>
            <line number="215" hits="2"/>
            <line number="216" hits="2"/>
            <line number="219" hits="2"/>
            <line number="221" hits="2"/>
            <line number="233" hits="1"/>
            <line number="235" hits="1"/>
            <line number="237" hits="1"/>
            <line number="238" hits="1"/>
            <line number="239" hits="1"/>
            <line number="240" hits="1"/>
            <line number="241" hits="1"/>
            <line number="242" hits="1"/>
            <line number="243" hits="1"/>
            <line number="245" hits="1"/>
            <line number="257" hits="2"/>
            <line number="259" hits="2"/>
            <line number="261" hits="2"/>
            <line number="263" hits="2"/>
            <line number="265" hits="2"/>
            <line number="266" hits="1"/>
            <line number="268" hits="1"/>
            <line number="269" hits="1"/>
            <line number="270" hits="1"/>
            <line number="271" hits="1"/>
            <line number="273" hits="1"/>
            <line number="274" hits="1"/>
            <line number="275" hits="1"/>
            <line number="276" hits="1"/>
            <line number="278" hits="1"/>
            <line number="279" hits="1"/>
            <line number="280" hits="1"/>
            <line number="281" hits="1"/>
            <line number="283" hits="1"/>
            <line number="284" hits="1"/>
            <line number="285" hits="1"/>
            <line number="286" hits="1"/>
            <line number="289" hits="2"/>
            <line number="290" hits="2"/>
            <line number="292" hits="2"/>
            <line number="294" hits="2"/>
            <line number="302" hits="3"/>
            <line number="304" hits="3"/>
            <line number="305" hits="3"/>
            <line number="306" hits="3"/>
            <line number="307" hits="3"/>
            <line number="309" hits="3"/>
            <line number="310" hits="3"/>
            <line number="311" hits="3"/>
            <line number="313" hits="3"/>
            <line number="314" hits="3"/>
            <line number="316" hits="3"/>
            <line number="318" hits="3"/>
            <line number="330" hits="1"/>
            <line number="332" hits="1"/>
            <line number="334" hits="1"/>
            <line number="335" hits="1"/>
            <line number="336" hits="1"/>
            <line number="337" hits="1"/>
            <line number="338" hits="1"/>
            <line number="339" hits="1"/>
            <line number="340" hits="1"/>
            <line number="342" hits="1"/>
            <line number="353" hits="1"/>
            <line number="355" hits="1"/>
            <line number="357" hits="1"/>
            <line number="359" hits="1"/>
            <line number="361" hits="1"/>
            <line number="363" hits="1"/>
            <line number="364" hits="1"/>
            <line number="365" hits="1"/>
            <line number="377" hits="2"/>
            <line number="379" hits="2"/>
            <line number="381" hits="2"/>
            <line number="383" hits="2"/>
            <line number="385" hits="2"/>
            <line number="397" hits="1"/>
            <line number="399" hits="1"/>
            <line number="401" hits="1"/>
            <line number="403" hits="1"/>
            <line number="405" hits="1"/>
            <line number="407" hits="1"/>
          </lines>
        </class>
      </classes>
    </package>
    <package name="Http/Controllers/SnippetController.php" line-rate="1" branch-rate="0" complexity="27">
      <classes>
        <class name="Playground\Cms\Api\Http\Controllers\SnippetController" filename="Http/Controllers/SnippetController.php" line-rate="1" branch-rate="0" complexity="27">
          <methods>
            <method name="create" signature="Playground\Cms\Api\Http\Requests\Snippet\CreateRequest $request" line-rate="1" branch-rate="0" complexity="1">
              <lines>
                <line number="64" hits="1"/>
                <line number="66" hits="1"/>
                <line number="68" hits="1"/>
                <line number="70" hits="1"/>
              </lines>
            </method>
            <method name="edit" signature="Playground\Cms\Models\Snippet $snippet, Playground\Cms\Api\Http\Requests\Snippet\EditRequest $request" line-rate="1" branch-rate="0" complexity="1">
              <lines>
                <line number="82" hits="1"/>
              </lines>
            </method>
            <method name="destroy" signature="Playground\Cms\Models\Snippet $snippet, Playground\Cms\Api\Http\Requests\Snippet\DestroyRequest $request" line-rate="1" branch-rate="0" complexity="2">
              <lines>
                <line number="94" hits="4"/>
                <line number="96" hits="4"/>
                <line number="97" hits="3"/>
                <line number="99" hits="1"/>
                <line number="102" hits="4"/>
              </lines>
            </method>
            <method name="lock" signature="Playground\Cms\Models\Snippet $snippet, Playground\Cms\Api\Http\Requests\Snippet\LockRequest $request" line-rate="1" branch-rate="0" complexity="1">
              <lines>
                <line number="114" hits="2"/>
                <line number="116" hits="2"/>
                <line number="118" hits="2"/>
                <line number="120" hits="2"/>
                <line number="122" hits="2"/>
              </lines>
            </method>
            <method name="index" signature="Playground\Cms\Api\Http\Requests\Snippet\IndexRequest $request" line-rate="1" branch-rate="0" complexity="5">
              <lines>
                <line number="133" hits="2"/>
                <line number="135" hits="2"/>
                <line number="137" hits="2"/>
                <line number="139" hits="2"/>
                <line number="141" hits="2"/>
                <line number="142" hits="1"/>
                <line number="144" hits="1"/>
                <line number="145" hits="1"/>
                <line number="146" hits="1"/>
                <line number="147" hits="1"/>
                <line number="149" hits="1"/>
                <line number="150" hits="1"/>
                <line number="151" hits="1"/>
                <line number="152" hits="1"/>
                <line number="154" hits="1"/>
                <line number="155" hits="1"/>
                <line number="156" hits="1"/>
                <line number="157" hits="1"/>
                <line number="159" hits="1"/>
                <line number="160" hits="1"/>
                <line number="161" hits="1"/>
                <line number="162" hits="1"/>
                <line number="165" hits="2"/>
                <line number="166" hits="2"/>
                <line number="168" hits="2"/>
                <line number="170" hits="2"/>
              </lines>
            </method>
            <method name="restore" signature="Playground\Cms\Models\Snippet $snippet, Playground\Cms\Api\Http\Requests\Snippet\RestoreRequest $request" line-rate="1" branch-rate="0" complexity="1">
              <lines>
                <line number="183" hits="2"/>
                <line number="185" hits="2"/>
              </lines>
            </method>
            <method name="restoreRevision" signature="Playground\Cms\Models\SnippetRevision $snippet_revision, Playground\Cms\Api\Http\Requests\Snippet\RestoreRevisionRequest $request" line-rate="1" branch-rate="0" complexity="2">
              <lines>
                <line number="197" hits="2"/>
                <line number="202" hits="2"/>
                <line number="203" hits="2"/>
                <line number="204" hits="2"/>
                <line number="205" hits="2"/>
                <line number="207" hits="2"/>
                <line number="209" hits="2"/>
                <line number="211" hits="2"/>
                <line number="212" hits="2"/>
                <line number="213" hits="2"/>
                <line number="214" hits="2"/>
                <line number="215" hits="2"/>
                <line number="218" hits="2"/>
                <line number="220" hits="2"/>
              </lines>
            </method>
            <method name="revision" signature="Playground\Cms\Models\SnippetRevision $snippet_revision, Playground\Cms\Api\Http\Requests\Snippet\ShowRevisionRequest $request" line-rate="1" branch-rate="0" complexity="1">
              <lines>
                <line number="232" hits="1"/>
              </lines>
            </method>
            <method name="revisions" signature="Playground\Cms\Models\Snippet $snippet, Playground\Cms\Api\Http\Requests\Snippet\RevisionsRequest $request" line-rate="1" branch-rate="0" complexity="5">
              <lines>
                <line number="244" hits="2"/>
                <line number="246" hits="2"/>
                <line number="248" hits="2"/>
                <line number="250" hits="2"/>
                <line number="252" hits="2"/>
                <line number="253" hits="1"/>
                <line number="255" hits="1"/>
                <line number="256" hits="1"/>
                <line number="257" hits="1"/>
                <line number="258" hits="1"/>
                <line number="260" hits="1"/>
                <line number="261" hits="1"/>
                <line number="262" hits="1"/>
                <line number="263" hits="1"/>
                <line number="265" hits="1"/>
                <line number="266" hits="1"/>
                <line number="267" hits="1"/>
                <line number="268" hits="1"/>
                <line number="270" hits="1"/>
                <line number="271" hits="1"/>
                <line number="272" hits="1"/>
                <line number="273" hits="1"/>
                <line number="276" hits="2"/>
                <line number="277" hits="2"/>
                <line number="279" hits="2"/>
                <line number="281" hits="2"/>
              </lines>
            </method>
            <method name="saveRevision" signature="Playground\Cms\Models\Snippet $snippet" line-rate="1" branch-rate="0" complexity="4">
              <lines>
                <line number="289" hits="3"/>
                <line number="291" hits="3"/>
                <line number="292" hits="3"/>
                <line number="293" hits="3"/>
                <line number="294" hits="3"/>
                <line number="296" hits="3"/>
                <line number="297" hits="3"/>
                <line number="298" hits="3"/>
                <line number="300" hits="3"/>
                <line number="301" hits="3"/>
                <line number="303" hits="3"/>
                <line number="305" hits="3"/>
              </lines>
            </method>
            <method name="show" signature="Playground\Cms\Models\Snippet $snippet, Playground\Cms\Api\Http\Requests\Snippet\ShowRequest $request" line-rate="1" branch-rate="0" complexity="1">
              <lines>
                <line number="317" hits="1"/>
                <line number="319" hits="1"/>
                <line number="321" hits="1"/>
                <line number="322" hits="1"/>
                <line number="323" hits="1"/>
                <line number="324" hits="1"/>
                <line number="325" hits="1"/>
                <line number="326" hits="1"/>
                <line number="327" hits="1"/>
                <line number="329" hits="1"/>
              </lines>
            </method>
            <method name="store" signature="Playground\Cms\Api\Http\Requests\Snippet\StoreRequest $request" line-rate="1" branch-rate="0" complexity="1">
              <lines>
                <line number="340" hits="1"/>
                <line number="342" hits="1"/>
                <line number="344" hits="1"/>
                <line number="346" hits="1"/>
                <line number="348" hits="1"/>
                <line number="350" hits="1"/>
                <line number="351" hits="1"/>
                <line number="352" hits="1"/>
              </lines>
            </method>
            <method name="unlock" signature="Playground\Cms\Models\Snippet $snippet, Playground\Cms\Api\Http\Requests\Snippet\UnlockRequest $request" line-rate="1" branch-rate="0" complexity="1">
              <lines>
                <line number="364" hits="2"/>
                <line number="366" hits="2"/>
                <line number="368" hits="2"/>
                <line number="370" hits="2"/>
                <line number="372" hits="2"/>
              </lines>
            </method>
            <method name="update" signature="Playground\Cms\Models\Snippet $snippet, Playground\Cms\Api\Http\Requests\Snippet\UpdateRequest $request" line-rate="1" branch-rate="0" complexity="1">
              <lines>
                <line number="384" hits="1"/>
                <line number="386" hits="1"/>
                <line number="388" hits="1"/>
                <line number="390" hits="1"/>
                <line number="392" hits="1"/>
                <line number="394" hits="1"/>
              </lines>
            </method>
          </methods>
          <lines>
            <line number="64" hits="1"/>
            <line number="66" hits="1"/>
            <line number="68" hits="1"/>
            <line number="70" hits="1"/>
            <line number="82" hits="1"/>
            <line number="94" hits="4"/>
            <line number="96" hits="4"/>
            <line number="97" hits="3"/>
            <line number="99" hits="1"/>
            <line number="102" hits="4"/>
            <line number="114" hits="2"/>
            <line number="116" hits="2"/>
            <line number="118" hits="2"/>
            <line number="120" hits="2"/>
            <line number="122" hits="2"/>
            <line number="133" hits="2"/>
            <line number="135" hits="2"/>
            <line number="137" hits="2"/>
            <line number="139" hits="2"/>
            <line number="141" hits="2"/>
            <line number="142" hits="1"/>
            <line number="144" hits="1"/>
            <line number="145" hits="1"/>
            <line number="146" hits="1"/>
            <line number="147" hits="1"/>
            <line number="149" hits="1"/>
            <line number="150" hits="1"/>
            <line number="151" hits="1"/>
            <line number="152" hits="1"/>
            <line number="154" hits="1"/>
            <line number="155" hits="1"/>
            <line number="156" hits="1"/>
            <line number="157" hits="1"/>
            <line number="159" hits="1"/>
            <line number="160" hits="1"/>
            <line number="161" hits="1"/>
            <line number="162" hits="1"/>
            <line number="165" hits="2"/>
            <line number="166" hits="2"/>
            <line number="168" hits="2"/>
            <line number="170" hits="2"/>
            <line number="183" hits="2"/>
            <line number="185" hits="2"/>
            <line number="197" hits="2"/>
            <line number="202" hits="2"/>
            <line number="203" hits="2"/>
            <line number="204" hits="2"/>
            <line number="205" hits="2"/>
            <line number="207" hits="2"/>
            <line number="209" hits="2"/>
            <line number="211" hits="2"/>
            <line number="212" hits="2"/>
            <line number="213" hits="2"/>
            <line number="214" hits="2"/>
            <line number="215" hits="2"/>
            <line number="218" hits="2"/>
            <line number="220" hits="2"/>
            <line number="232" hits="1"/>
            <line number="244" hits="2"/>
            <line number="246" hits="2"/>
            <line number="248" hits="2"/>
            <line number="250" hits="2"/>
            <line number="252" hits="2"/>
            <line number="253" hits="1"/>
            <line number="255" hits="1"/>
            <line number="256" hits="1"/>
            <line number="257" hits="1"/>
            <line number="258" hits="1"/>
            <line number="260" hits="1"/>
            <line number="261" hits="1"/>
            <line number="262" hits="1"/>
            <line number="263" hits="1"/>
            <line number="265" hits="1"/>
            <line number="266" hits="1"/>
            <line number="267" hits="1"/>
            <line number="268" hits="1"/>
            <line number="270" hits="1"/>
            <line number="271" hits="1"/>
            <line number="272" hits="1"/>
            <line number="273" hits="1"/>
            <line number="276" hits="2"/>
            <line number="277" hits="2"/>
            <line number="279" hits="2"/>
            <line number="281" hits="2"/>
            <line number="289" hits="3"/>
            <line number="291" hits="3"/>
            <line number="292" hits="3"/>
            <line number="293" hits="3"/>
            <line number="294" hits="3"/>
            <line number="296" hits="3"/>
            <line number="297" hits="3"/>
            <line number="298" hits="3"/>
            <line number="300" hits="3"/>
            <line number="301" hits="3"/>
            <line number="303" hits="3"/>
            <line number="305" hits="3"/>
            <line number="317" hits="1"/>
            <line number="319" hits="1"/>
            <line number="321" hits="1"/>
            <line number="322" hits="1"/>
            <line number="323" hits="1"/>
            <line number="324" hits="1"/>
            <line number="325" hits="1"/>
            <line number="326" hits="1"/>
            <line number="327" hits="1"/>
            <line number="329" hits="1"/>
            <line number="340" hits="1"/>
            <line number="342" hits="1"/>
            <line number="344" hits="1"/>
            <line number="346" hits="1"/>
            <line number="348" hits="1"/>
            <line number="350" hits="1"/>
            <line number="351" hits="1"/>
            <line number="352" hits="1"/>
            <line number="364" hits="2"/>
            <line number="366" hits="2"/>
            <line number="368" hits="2"/>
            <line number="370" hits="2"/>
            <line number="372" hits="2"/>
            <line number="384" hits="1"/>
            <line number="386" hits="1"/>
            <line number="388" hits="1"/>
            <line number="390" hits="1"/>
            <line number="392" hits="1"/>
            <line number="394" hits="1"/>
          </lines>
        </class>
      </classes>
    </package>
    <package name="Http/Requests/FormRequest.php" line-rate="1" branch-rate="0" complexity="7">
      <classes>
        <class name="Playground\Cms\Api\Http\Requests\FormRequest" filename="Http/Requests/FormRequest.php" line-rate="1" branch-rate="0" complexity="7">
          <methods>
            <method name="authorize" signature="" line-rate="1" branch-rate="0" complexity="2">
              <lines>
                <line number="27" hits="38"/>
                <line number="29" hits="38"/>
                <line number="30" hits="1"/>
                <line number="33" hits="37"/>
              </lines>
            </method>
            <method name="rules" signature="" line-rate="1" branch-rate="0" complexity="2">
              <lines>
                <line number="43" hits="37"/>
                <line number="45" hits="37"/>
              </lines>
            </method>
            <method name="userHasAdminPrivileges" signature="Illuminate\Contracts\Auth\Authenticatable $user" line-rate="1" branch-rate="0" complexity="3">
              <lines>
                <line number="50" hits="11"/>
                <line number="51" hits="11"/>
                <line number="52" hits="10"/>
                <line number="53" hits="9"/>
                <line number="56" hits="1"/>
                <line number="60" hits="11"/>
              </lines>
            </method>
          </methods>
          <lines>
            <line number="27" hits="38"/>
            <line number="29" hits="38"/>
            <line number="30" hits="1"/>
            <line number="33" hits="37"/>
            <line number="43" hits="37"/>
            <line number="45" hits="37"/>
            <line number="50" hits="11"/>
            <line number="51" hits="11"/>
            <line number="52" hits="10"/>
            <line number="53" hits="9"/>
            <line number="56" hits="1"/>
            <line number="60" hits="11"/>
          </lines>
        </class>
      </classes>
    </package>
    <package name="Http/Requests/Page/CreateRequest.php" line-rate="0" branch-rate="0" complexity="0">
      <classes>
        <class name="Playground\Cms\Api\Http\Requests\Page\CreateRequest" filename="Http/Requests/Page/CreateRequest.php" line-rate="0" branch-rate="0" complexity="0">
          <methods/>
          <lines/>
        </class>
      </classes>
    </package>
    <package name="Http/Requests/Page/DestroyRequest.php" line-rate="1" branch-rate="0" complexity="2">
      <classes>
        <class name="Playground\Cms\Api\Http\Requests\Page\DestroyRequest" filename="Http/Requests/Page/DestroyRequest.php" line-rate="1" branch-rate="0" complexity="2">
          <methods>
            <method name="rules" signature="" line-rate="1" branch-rate="0" complexity="2">
              <lines>
                <line number="30" hits="4"/>
                <line number="32" hits="4"/>
                <line number="34" hits="4"/>
                <line number="35" hits="4"/>
                <line number="38" hits="4"/>
              </lines>
            </method>
          </methods>
          <lines>
            <line number="30" hits="4"/>
            <line number="32" hits="4"/>
            <line number="34" hits="4"/>
            <line number="35" hits="4"/>
            <line number="38" hits="4"/>
          </lines>
        </class>
      </classes>
    </package>
    <package name="Http/Requests/Page/EditRequest.php" line-rate="0" branch-rate="0" complexity="0">
      <classes>
        <class name="Playground\Cms\Api\Http\Requests\Page\EditRequest" filename="Http/Requests/Page/EditRequest.php" line-rate="0" branch-rate="0" complexity="0">
          <methods/>
          <lines/>
        </class>
      </classes>
    </package>
    <package name="Http/Requests/Page/IndexRequest.php" line-rate="0" branch-rate="0" complexity="0">
      <classes>
        <class name="Playground\Cms\Api\Http\Requests\Page\IndexRequest" filename="Http/Requests/Page/IndexRequest.php" line-rate="0" branch-rate="0" complexity="0">
          <methods/>
          <lines/>
        </class>
      </classes>
    </package>
    <package name="Http/Requests/Page/LockRequest.php" line-rate="0" branch-rate="0" complexity="0">
      <classes>
        <class name="Playground\Cms\Api\Http\Requests\Page\LockRequest" filename="Http/Requests/Page/LockRequest.php" line-rate="0" branch-rate="0" complexity="0">
          <methods/>
          <lines/>
        </class>
      </classes>
    </package>
    <package name="Http/Requests/Page/RestoreRequest.php" line-rate="0" branch-rate="0" complexity="0">
      <classes>
        <class name="Playground\Cms\Api\Http\Requests\Page\RestoreRequest" filename="Http/Requests/Page/RestoreRequest.php" line-rate="0" branch-rate="0" complexity="0">
          <methods/>
          <lines/>
        </class>
      </classes>
    </package>
    <package name="Http/Requests/Page/RestoreRevisionRequest.php" line-rate="0" branch-rate="0" complexity="0">
      <classes>
        <class name="Playground\Cms\Api\Http\Requests\Page\RestoreRevisionRequest" filename="Http/Requests/Page/RestoreRevisionRequest.php" line-rate="0" branch-rate="0" complexity="0">
          <methods/>
          <lines/>
        </class>
      </classes>
    </package>
    <package name="Http/Requests/Page/RevisionsRequest.php" line-rate="0" branch-rate="0" complexity="0">
      <classes>
        <class name="Playground\Cms\Api\Http\Requests\Page\RevisionsRequest" filename="Http/Requests/Page/RevisionsRequest.php" line-rate="0" branch-rate="0" complexity="0">
          <methods/>
          <lines/>
        </class>
      </classes>
    </package>
    <package name="Http/Requests/Page/ShowRequest.php" line-rate="0" branch-rate="0" complexity="0">
      <classes>
        <class name="Playground\Cms\Api\Http\Requests\Page\ShowRequest" filename="Http/Requests/Page/ShowRequest.php" line-rate="0" branch-rate="0" complexity="0">
          <methods/>
          <lines/>
        </class>
      </classes>
    </package>
    <package name="Http/Requests/Page/ShowRevisionRequest.php" line-rate="0" branch-rate="0" complexity="0">
      <classes>
        <class name="Playground\Cms\Api\Http\Requests\Page\ShowRevisionRequest" filename="Http/Requests/Page/ShowRevisionRequest.php" line-rate="0" branch-rate="0" complexity="0">
          <methods/>
          <lines/>
        </class>
      </classes>
    </package>
    <package name="Http/Requests/Page/StoreRequest.php" line-rate="1" branch-rate="0" complexity="6">
      <classes>
        <class name="Playground\Cms\Api\Http\Requests\Page\StoreRequest" filename="Http/Requests/Page/StoreRequest.php" line-rate="1" branch-rate="0" complexity="6">
          <methods>
            <method name="rules" signature="" line-rate="1" branch-rate="0" complexity="2">
              <lines>
                <line number="95" hits="4"/>
                <line number="100" hits="4"/>
                <line number="102" hits="4"/>
                <line number="103" hits="1"/>
                <line number="106" hits="4"/>
              </lines>
            </method>
            <method name="prepareForValidation" signature="" line-rate="1" branch-rate="0" complexity="4">
              <lines>
                <line number="116" hits="2"/>
                <line number="118" hits="2"/>
                <line number="120" hits="2"/>
                <line number="121" hits="2"/>
                <line number="122" hits="2"/>
                <line number="123" hits="2"/>
                <line number="125" hits="2"/>
                <line number="126" hits="1"/>
                <line number="129" hits="2"/>
                <line number="130" hits="1"/>
              </lines>
            </method>
          </methods>
          <lines>
            <line number="95" hits="4"/>
            <line number="100" hits="4"/>
            <line number="102" hits="4"/>
            <line number="103" hits="1"/>
            <line number="106" hits="4"/>
            <line number="116" hits="2"/>
            <line number="118" hits="2"/>
            <line number="120" hits="2"/>
            <line number="121" hits="2"/>
            <line number="122" hits="2"/>
            <line number="123" hits="2"/>
            <line number="125" hits="2"/>
            <line number="126" hits="1"/>
            <line number="129" hits="2"/>
            <line number="130" hits="1"/>
          </lines>
        </class>
      </classes>
    </package>
    <package name="Http/Requests/Page/UnlockRequest.php" line-rate="0" branch-rate="0" complexity="0">
      <classes>
        <class name="Playground\Cms\Api\Http\Requests\Page\UnlockRequest" filename="Http/Requests/Page/UnlockRequest.php" line-rate="0" branch-rate="0" complexity="0">
          <methods/>
          <lines/>
        </class>
      </classes>
    </package>
    <package name="Http/Requests/Page/UpdateRequest.php" line-rate="1" branch-rate="0" complexity="6">
      <classes>
        <class name="Playground\Cms\Api\Http\Requests\Page\UpdateRequest" filename="Http/Requests/Page/UpdateRequest.php" line-rate="1" branch-rate="0" complexity="6">
          <methods>
            <method name="rules" signature="" line-rate="1" branch-rate="0" complexity="2">
              <lines>
                <line number="95" hits="4"/>
                <line number="100" hits="4"/>
                <line number="102" hits="4"/>
                <line number="103" hits="1"/>
                <line number="106" hits="4"/>
              </lines>
            </method>
            <method name="prepareForValidation" signature="" line-rate="1" branch-rate="0" complexity="4">
              <lines>
                <line number="116" hits="2"/>
                <line number="118" hits="2"/>
                <line number="120" hits="2"/>
                <line number="121" hits="2"/>
                <line number="122" hits="2"/>
                <line number="123" hits="2"/>
                <line number="125" hits="2"/>
                <line number="126" hits="1"/>
                <line number="129" hits="2"/>
                <line number="130" hits="1"/>
              </lines>
            </method>
          </methods>
          <lines>
            <line number="95" hits="4"/>
            <line number="100" hits="4"/>
            <line number="102" hits="4"/>
            <line number="103" hits="1"/>
            <line number="106" hits="4"/>
            <line number="116" hits="2"/>
            <line number="118" hits="2"/>
            <line number="120" hits="2"/>
            <line number="121" hits="2"/>
            <line number="122" hits="2"/>
            <line number="123" hits="2"/>
            <line number="125" hits="2"/>
            <line number="126" hits="1"/>
            <line number="129" hits="2"/>
            <line number="130" hits="1"/>
          </lines>
        </class>
      </classes>
    </package>
    <package name="Http/Requests/Snippet/CreateRequest.php" line-rate="0" branch-rate="0" complexity="0">
      <classes>
        <class name="Playground\Cms\Api\Http\Requests\Snippet\CreateRequest" filename="Http/Requests/Snippet/CreateRequest.php" line-rate="0" branch-rate="0" complexity="0">
          <methods/>
          <lines/>
        </class>
      </classes>
    </package>
    <package name="Http/Requests/Snippet/DestroyRequest.php" line-rate="1" branch-rate="0" complexity="2">
      <classes>
        <class name="Playground\Cms\Api\Http\Requests\Snippet\DestroyRequest" filename="Http/Requests/Snippet/DestroyRequest.php" line-rate="1" branch-rate="0" complexity="2">
          <methods>
            <method name="rules" signature="" line-rate="1" branch-rate="0" complexity="2">
              <lines>
                <line number="30" hits="4"/>
                <line number="32" hits="4"/>
                <line number="34" hits="4"/>
                <line number="35" hits="4"/>
                <line number="38" hits="4"/>
              </lines>
            </method>
          </methods>
          <lines>
            <line number="30" hits="4"/>
            <line number="32" hits="4"/>
            <line number="34" hits="4"/>
            <line number="35" hits="4"/>
            <line number="38" hits="4"/>
          </lines>
        </class>
      </classes>
    </package>
    <package name="Http/Requests/Snippet/EditRequest.php" line-rate="0" branch-rate="0" complexity="0">
      <classes>
        <class name="Playground\Cms\Api\Http\Requests\Snippet\EditRequest" filename="Http/Requests/Snippet/EditRequest.php" line-rate="0" branch-rate="0" complexity="0">
          <methods/>
          <lines/>
        </class>
      </classes>
    </package>
    <package name="Http/Requests/Snippet/IndexRequest.php" line-rate="0" branch-rate="0" complexity="0">
      <classes>
        <class name="Playground\Cms\Api\Http\Requests\Snippet\IndexRequest" filename="Http/Requests/Snippet/IndexRequest.php" line-rate="0" branch-rate="0" complexity="0">
          <methods/>
          <lines/>
        </class>
      </classes>
    </package>
    <package name="Http/Requests/Snippet/LockRequest.php" line-rate="0" branch-rate="0" complexity="0">
      <classes>
        <class name="Playground\Cms\Api\Http\Requests\Snippet\LockRequest" filename="Http/Requests/Snippet/LockRequest.php" line-rate="0" branch-rate="0" complexity="0">
          <methods/>
          <lines/>
        </class>
      </classes>
    </package>
    <package name="Http/Requests/Snippet/RestoreRequest.php" line-rate="0" branch-rate="0" complexity="0">
      <classes>
        <class name="Playground\Cms\Api\Http\Requests\Snippet\RestoreRequest" filename="Http/Requests/Snippet/RestoreRequest.php" line-rate="0" branch-rate="0" complexity="0">
          <methods/>
          <lines/>
        </class>
      </classes>
    </package>
    <package name="Http/Requests/Snippet/RestoreRevisionRequest.php" line-rate="0" branch-rate="0" complexity="0">
      <classes>
        <class name="Playground\Cms\Api\Http\Requests\Snippet\RestoreRevisionRequest" filename="Http/Requests/Snippet/RestoreRevisionRequest.php" line-rate="0" branch-rate="0" complexity="0">
          <methods/>
          <lines/>
        </class>
      </classes>
    </package>
    <package name="Http/Requests/Snippet/RevisionsRequest.php" line-rate="0" branch-rate="0" complexity="0">
      <classes>
        <class name="Playground\Cms\Api\Http\Requests\Snippet\RevisionsRequest" filename="Http/Requests/Snippet/RevisionsRequest.php" line-rate="0" branch-rate="0" complexity="0">
          <methods/>
          <lines/>
        </class>
      </classes>
    </package>
    <package name="Http/Requests/Snippet/ShowRequest.php" line-rate="0" branch-rate="0" complexity="0">
      <classes>
        <class name="Playground\Cms\Api\Http\Requests\Snippet\ShowRequest" filename="Http/Requests/Snippet/ShowRequest.php" line-rate="0" branch-rate="0" complexity="0">
          <methods/>
          <lines/>
        </class>
      </classes>
    </package>
    <package name="Http/Requests/Snippet/ShowRevisionRequest.php" line-rate="0" branch-rate="0" complexity="0">
      <classes>
        <class name="Playground\Cms\Api\Http\Requests\Snippet\ShowRevisionRequest" filename="Http/Requests/Snippet/ShowRevisionRequest.php" line-rate="0" branch-rate="0" complexity="0">
          <methods/>
          <lines/>
        </class>
      </classes>
    </package>
    <package name="Http/Requests/Snippet/StoreRequest.php" line-rate="1" branch-rate="0" complexity="6">
      <classes>
        <class name="Playground\Cms\Api\Http\Requests\Snippet\StoreRequest" filename="Http/Requests/Snippet/StoreRequest.php" line-rate="1" branch-rate="0" complexity="6">
          <methods>
            <method name="rules" signature="" line-rate="1" branch-rate="0" complexity="2">
              <lines>
                <line number="94" hits="4"/>
                <line number="99" hits="4"/>
                <line number="101" hits="4"/>
                <line number="102" hits="1"/>
                <line number="105" hits="4"/>
              </lines>
            </method>
            <method name="prepareForValidation" signature="" line-rate="1" branch-rate="0" complexity="4">
              <lines>
                <line number="115" hits="2"/>
                <line number="117" hits="2"/>
                <line number="119" hits="2"/>
                <line number="120" hits="2"/>
                <line number="121" hits="2"/>
                <line number="122" hits="2"/>
                <line number="124" hits="2"/>
                <line number="125" hits="1"/>
                <line number="128" hits="2"/>
                <line number="129" hits="1"/>
              </lines>
            </method>
          </methods>
          <lines>
            <line number="94" hits="4"/>
            <line number="99" hits="4"/>
            <line number="101" hits="4"/>
            <line number="102" hits="1"/>
            <line number="105" hits="4"/>
            <line number="115" hits="2"/>
            <line number="117" hits="2"/>
            <line number="119" hits="2"/>
            <line number="120" hits="2"/>
            <line number="121" hits="2"/>
            <line number="122" hits="2"/>
            <line number="124" hits="2"/>
            <line number="125" hits="1"/>
            <line number="128" hits="2"/>
            <line number="129" hits="1"/>
          </lines>
        </class>
      </classes>
    </package>
    <package name="Http/Requests/Snippet/UnlockRequest.php" line-rate="0" branch-rate="0" complexity="0">
      <classes>
        <class name="Playground\Cms\Api\Http\Requests\Snippet\UnlockRequest" filename="Http/Requests/Snippet/UnlockRequest.php" line-rate="0" branch-rate="0" complexity="0">
          <methods/>
          <lines/>
        </class>
      </classes>
    </package>
    <package name="Http/Requests/Snippet/UpdateRequest.php" line-rate="1" branch-rate="0" complexity="6">
      <classes>
        <class name="Playground\Cms\Api\Http\Requests\Snippet\UpdateRequest" filename="Http/Requests/Snippet/UpdateRequest.php" line-rate="1" branch-rate="0" complexity="6">
          <methods>
            <method name="rules" signature="" line-rate="1" branch-rate="0" complexity="2">
              <lines>
                <line number="95" hits="4"/>
                <line number="100" hits="4"/>
                <line number="102" hits="4"/>
                <line number="103" hits="1"/>
                <line number="106" hits="4"/>
              </lines>
            </method>
            <method name="prepareForValidation" signature="" line-rate="1" branch-rate="0" complexity="4">
              <lines>
                <line number="116" hits="2"/>
                <line number="118" hits="2"/>
                <line number="120" hits="2"/>
                <line number="121" hits="2"/>
                <line number="122" hits="2"/>
                <line number="123" hits="2"/>
                <line number="125" hits="2"/>
                <line number="126" hits="1"/>
                <line number="129" hits="2"/>
                <line number="130" hits="1"/>
              </lines>
            </method>
          </methods>
          <lines>
            <line number="95" hits="4"/>
            <line number="100" hits="4"/>
            <line number="102" hits="4"/>
            <line number="103" hits="1"/>
            <line number="106" hits="4"/>
            <line number="116" hits="2"/>
            <line number="118" hits="2"/>
            <line number="120" hits="2"/>
            <line number="121" hits="2"/>
            <line number="122" hits="2"/>
            <line number="123" hits="2"/>
            <line number="125" hits="2"/>
            <line number="126" hits="1"/>
            <line number="129" hits="2"/>
            <line number="130" hits="1"/>
          </lines>
        </class>
      </classes>
    </package>
    <package name="Http/Resources/Page.php" line-rate="1" branch-rate="0" complexity="2">
      <classes>
        <class name="Playground\Cms\Api\Http\Resources\Page" filename="Http/Resources/Page.php" line-rate="1" branch-rate="0" complexity="2">
          <methods>
            <method name="toArray" signature="Illuminate\Http\Request $request" line-rate="1" branch-rate="0" complexity="1">
              <lines>
                <line number="21" hits="15"/>
              </lines>
            </method>
            <method name="with" signature="Illuminate\Http\Request $request" line-rate="1" branch-rate="0" complexity="1">
              <lines>
                <line number="35" hits="13"/>
                <line number="37" hits="13"/>
                <line number="38" hits="13"/>
                <line number="39" hits="13"/>
                <line number="40" hits="13"/>
                <line number="41" hits="13"/>
                <line number="42" hits="13"/>
                <line number="43" hits="13"/>
                <line number="44" hits="13"/>
                <line number="45" hits="13"/>
              </lines>
            </method>
          </methods>
          <lines>
            <line number="21" hits="15"/>
            <line number="35" hits="13"/>
            <line number="37" hits="13"/>
            <line number="38" hits="13"/>
            <line number="39" hits="13"/>
            <line number="40" hits="13"/>
            <line number="41" hits="13"/>
            <line number="42" hits="13"/>
            <line number="43" hits="13"/>
            <line number="44" hits="13"/>
            <line number="45" hits="13"/>
          </lines>
        </class>
      </classes>
    </package>
    <package name="Http/Resources/PageCollection.php" line-rate="1" branch-rate="0" complexity="2">
      <classes>
        <class name="Playground\Cms\Api\Http\Resources\PageCollection" filename="Http/Resources/PageCollection.php" line-rate="1" branch-rate="0" complexity="2">
          <methods>
            <method name="toArray" signature="Illuminate\Http\Request $request" line-rate="1" branch-rate="0" complexity="1">
              <lines>
                <line number="20" hits="2"/>
              </lines>
            </method>
            <method name="with" signature="Illuminate\Http\Request $request" line-rate="1" branch-rate="0" complexity="1">
              <lines>
                <line number="31" hits="2"/>
                <line number="32" hits="2"/>
                <line number="33" hits="2"/>
                <line number="34" hits="2"/>
                <line number="35" hits="2"/>
                <line number="36" hits="2"/>
                <line number="37" hits="2"/>
                <line number="38" hits="2"/>
                <line number="39" hits="2"/>
                <line number="40" hits="2"/>
                <line number="41" hits="2"/>
                <line number="42" hits="2"/>
                <line number="43" hits="2"/>
              </lines>
            </method>
          </methods>
          <lines>
            <line number="20" hits="2"/>
            <line number="31" hits="2"/>
            <line number="32" hits="2"/>
            <line number="33" hits="2"/>
            <line number="34" hits="2"/>
            <line number="35" hits="2"/>
            <line number="36" hits="2"/>
            <line number="37" hits="2"/>
            <line number="38" hits="2"/>
            <line number="39" hits="2"/>
            <line number="40" hits="2"/>
            <line number="41" hits="2"/>
            <line number="42" hits="2"/>
            <line number="43" hits="2"/>
          </lines>
        </class>
      </classes>
    </package>
    <package name="Http/Resources/PageRevision.php" line-rate="1" branch-rate="0" complexity="2">
      <classes>
        <class name="Playground\Cms\Api\Http\Resources\PageRevision" filename="Http/Resources/PageRevision.php" line-rate="1" branch-rate="0" complexity="2">
          <methods>
            <method name="toArray" signature="Illuminate\Http\Request $request" line-rate="1" branch-rate="0" complexity="1">
              <lines>
                <line number="22" hits="3"/>
              </lines>
            </method>
            <method name="with" signature="Illuminate\Http\Request $request" line-rate="1" branch-rate="0" complexity="1">
              <lines>
                <line number="36" hits="1"/>
                <line number="41" hits="1"/>
                <line number="43" hits="1"/>
                <line number="44" hits="1"/>
                <line number="45" hits="1"/>
                <line number="46" hits="1"/>
                <line number="47" hits="1"/>
                <line number="48" hits="1"/>
                <line number="49" hits="1"/>
                <line number="50" hits="1"/>
                <line number="51" hits="1"/>
              </lines>
            </method>
          </methods>
          <lines>
            <line number="22" hits="3"/>
            <line number="36" hits="1"/>
            <line number="41" hits="1"/>
            <line number="43" hits="1"/>
            <line number="44" hits="1"/>
            <line number="45" hits="1"/>
            <line number="46" hits="1"/>
            <line number="47" hits="1"/>
            <line number="48" hits="1"/>
            <line number="49" hits="1"/>
            <line number="50" hits="1"/>
            <line number="51" hits="1"/>
          </lines>
        </class>
      </classes>
    </package>
    <package name="Http/Resources/PageRevisionCollection.php" line-rate="1" branch-rate="0" complexity="2">
      <classes>
        <class name="Playground\Cms\Api\Http\Resources\PageRevisionCollection" filename="Http/Resources/PageRevisionCollection.php" line-rate="1" branch-rate="0" complexity="2">
          <methods>
            <method name="toArray" signature="Illuminate\Http\Request $request" line-rate="1" branch-rate="0" complexity="1">
              <lines>
                <line number="20" hits="2"/>
              </lines>
            </method>
            <method name="with" signature="Illuminate\Http\Request $request" line-rate="1" branch-rate="0" complexity="1">
              <lines>
                <line number="31" hits="2"/>
                <line number="32" hits="2"/>
                <line number="33" hits="2"/>
                <line number="34" hits="2"/>
                <line number="35" hits="2"/>
                <line number="36" hits="2"/>
                <line number="37" hits="2"/>
                <line number="38" hits="2"/>
                <line number="39" hits="2"/>
                <line number="40" hits="2"/>
                <line number="41" hits="2"/>
                <line number="42" hits="2"/>
                <line number="43" hits="2"/>
              </lines>
            </method>
          </methods>
          <lines>
            <line number="20" hits="2"/>
            <line number="31" hits="2"/>
            <line number="32" hits="2"/>
            <line number="33" hits="2"/>
            <line number="34" hits="2"/>
            <line number="35" hits="2"/>
            <line number="36" hits="2"/>
            <line number="37" hits="2"/>
            <line number="38" hits="2"/>
            <line number="39" hits="2"/>
            <line number="40" hits="2"/>
            <line number="41" hits="2"/>
            <line number="42" hits="2"/>
            <line number="43" hits="2"/>
          </lines>
        </class>
      </classes>
    </package>
    <package name="Http/Resources/Snippet.php" line-rate="1" branch-rate="0" complexity="2">
      <classes>
        <class name="Playground\Cms\Api\Http\Resources\Snippet" filename="Http/Resources/Snippet.php" line-rate="1" branch-rate="0" complexity="2">
          <methods>
            <method name="toArray" signature="Illuminate\Http\Request $request" line-rate="1" branch-rate="0" complexity="1">
              <lines>
                <line number="21" hits="15"/>
              </lines>
            </method>
            <method name="with" signature="Illuminate\Http\Request $request" line-rate="1" branch-rate="0" complexity="1">
              <lines>
                <line number="35" hits="13"/>
                <line number="37" hits="13"/>
                <line number="38" hits="13"/>
                <line number="39" hits="13"/>
                <line number="40" hits="13"/>
                <line number="41" hits="13"/>
                <line number="42" hits="13"/>
                <line number="43" hits="13"/>
                <line number="44" hits="13"/>
                <line number="45" hits="13"/>
              </lines>
            </method>
          </methods>
          <lines>
            <line number="21" hits="15"/>
            <line number="35" hits="13"/>
            <line number="37" hits="13"/>
            <line number="38" hits="13"/>
            <line number="39" hits="13"/>
            <line number="40" hits="13"/>
            <line number="41" hits="13"/>
            <line number="42" hits="13"/>
            <line number="43" hits="13"/>
            <line number="44" hits="13"/>
            <line number="45" hits="13"/>
          </lines>
        </class>
      </classes>
    </package>
    <package name="Http/Resources/SnippetCollection.php" line-rate="1" branch-rate="0" complexity="2">
      <classes>
        <class name="Playground\Cms\Api\Http\Resources\SnippetCollection" filename="Http/Resources/SnippetCollection.php" line-rate="1" branch-rate="0" complexity="2">
          <methods>
            <method name="toArray" signature="Illuminate\Http\Request $request" line-rate="1" branch-rate="0" complexity="1">
              <lines>
                <line number="20" hits="2"/>
              </lines>
            </method>
            <method name="with" signature="Illuminate\Http\Request $request" line-rate="1" branch-rate="0" complexity="1">
              <lines>
                <line number="31" hits="2"/>
                <line number="32" hits="2"/>
                <line number="33" hits="2"/>
                <line number="34" hits="2"/>
                <line number="35" hits="2"/>
                <line number="36" hits="2"/>
                <line number="37" hits="2"/>
                <line number="38" hits="2"/>
                <line number="39" hits="2"/>
                <line number="40" hits="2"/>
                <line number="41" hits="2"/>
                <line number="42" hits="2"/>
                <line number="43" hits="2"/>
              </lines>
            </method>
          </methods>
          <lines>
            <line number="20" hits="2"/>
            <line number="31" hits="2"/>
            <line number="32" hits="2"/>
            <line number="33" hits="2"/>
            <line number="34" hits="2"/>
            <line number="35" hits="2"/>
            <line number="36" hits="2"/>
            <line number="37" hits="2"/>
            <line number="38" hits="2"/>
            <line number="39" hits="2"/>
            <line number="40" hits="2"/>
            <line number="41" hits="2"/>
            <line number="42" hits="2"/>
            <line number="43" hits="2"/>
          </lines>
        </class>
      </classes>
    </package>
    <package name="Http/Resources/SnippetRevision.php" line-rate="1" branch-rate="0" complexity="2">
      <classes>
        <class name="Playground\Cms\Api\Http\Resources\SnippetRevision" filename="Http/Resources/SnippetRevision.php" line-rate="1" branch-rate="0" complexity="2">
          <methods>
            <method name="toArray" signature="Illuminate\Http\Request $request" line-rate="1" branch-rate="0" complexity="1">
              <lines>
                <line number="22" hits="3"/>
              </lines>
            </method>
            <method name="with" signature="Illuminate\Http\Request $request" line-rate="1" branch-rate="0" complexity="1">
              <lines>
                <line number="36" hits="1"/>
                <line number="41" hits="1"/>
                <line number="43" hits="1"/>
                <line number="44" hits="1"/>
                <line number="45" hits="1"/>
                <line number="46" hits="1"/>
                <line number="47" hits="1"/>
                <line number="48" hits="1"/>
                <line number="49" hits="1"/>
                <line number="50" hits="1"/>
                <line number="51" hits="1"/>
              </lines>
            </method>
          </methods>
          <lines>
            <line number="22" hits="3"/>
            <line number="36" hits="1"/>
            <line number="41" hits="1"/>
            <line number="43" hits="1"/>
            <line number="44" hits="1"/>
            <line number="45" hits="1"/>
            <line number="46" hits="1"/>
            <line number="47" hits="1"/>
            <line number="48" hits="1"/>
            <line number="49" hits="1"/>
            <line number="50" hits="1"/>
            <line number="51" hits="1"/>
          </lines>
        </class>
      </classes>
    </package>
    <package name="Http/Resources/SnippetRevisionCollection.php" line-rate="1" branch-rate="0" complexity="2">
      <classes>
        <class name="Playground\Cms\Api\Http\Resources\SnippetRevisionCollection" filename="Http/Resources/SnippetRevisionCollection.php" line-rate="1" branch-rate="0" complexity="2">
          <methods>
            <method name="toArray" signature="Illuminate\Http\Request $request" line-rate="1" branch-rate="0" complexity="1">
              <lines>
                <line number="20" hits="2"/>
              </lines>
            </method>
            <method name="with" signature="Illuminate\Http\Request $request" line-rate="1" branch-rate="0" complexity="1">
              <lines>
                <line number="31" hits="2"/>
                <line number="32" hits="2"/>
                <line number="33" hits="2"/>
                <line number="34" hits="2"/>
                <line number="35" hits="2"/>
                <line number="36" hits="2"/>
                <line number="37" hits="2"/>
                <line number="38" hits="2"/>
                <line number="39" hits="2"/>
                <line number="40" hits="2"/>
                <line number="41" hits="2"/>
                <line number="42" hits="2"/>
                <line number="43" hits="2"/>
              </lines>
            </method>
          </methods>
          <lines>
            <line number="20" hits="2"/>
            <line number="31" hits="2"/>
            <line number="32" hits="2"/>
            <line number="33" hits="2"/>
            <line number="34" hits="2"/>
            <line number="35" hits="2"/>
            <line number="36" hits="2"/>
            <line number="37" hits="2"/>
            <line number="38" hits="2"/>
            <line number="39" hits="2"/>
            <line number="40" hits="2"/>
            <line number="41" hits="2"/>
            <line number="42" hits="2"/>
            <line number="43" hits="2"/>
          </lines>
        </class>
      </classes>
    </package>
    <package name="Policies/PagePolicy.php" line-rate="1" branch-rate="0" complexity="3">
      <classes>
        <class name="Playground\Cms\Api\Policies\PagePolicy" filename="Policies/PagePolicy.php" line-rate="1" branch-rate="0" complexity="3">
          <methods>
            <method name="revisions" signature="Illuminate\Contracts\Auth\Authenticatable $user" line-rate="1" branch-rate="0" complexity="1">
              <lines>
                <line number="63" hits="2"/>
              </lines>
            </method>
            <method name="viewRevision" signature="Illuminate\Contracts\Auth\Authenticatable $user, Playground\Cms\Models\PageRevision $page_revision" line-rate="1" branch-rate="0" complexity="1">
              <lines>
                <line number="74" hits="1"/>
              </lines>
            </method>
            <method name="restoreRevision" signature="Illuminate\Contracts\Auth\Authenticatable $user, Playground\Cms\Models\PageRevision $page_revision" line-rate="1" branch-rate="0" complexity="1">
              <lines>
                <line number="82" hits="3"/>
              </lines>
            </method>
          </methods>
          <lines>
            <line number="63" hits="2"/>
            <line number="74" hits="1"/>
            <line number="82" hits="3"/>
          </lines>
        </class>
      </classes>
    </package>
    <package name="Policies/SnippetPolicy.php" line-rate="1" branch-rate="0" complexity="3">
      <classes>
        <class name="Playground\Cms\Api\Policies\SnippetPolicy" filename="Policies/SnippetPolicy.php" line-rate="1" branch-rate="0" complexity="3">
          <methods>
            <method name="revisions" signature="Illuminate\Contracts\Auth\Authenticatable $user" line-rate="1" branch-rate="0" complexity="1">
              <lines>
                <line number="63" hits="2"/>
              </lines>
            </method>
            <method name="viewRevision" signature="Illuminate\Contracts\Auth\Authenticatable $user, Playground\Cms\Models\SnippetRevision $snippet_revision" line-rate="1" branch-rate="0" complexity="1">
              <lines>
                <line number="74" hits="1"/>
              </lines>
            </method>
            <method name="restoreRevision" signature="Illuminate\Contracts\Auth\Authenticatable $user, Playground\Cms\Models\SnippetRevision $snippet_revision" line-rate="1" branch-rate="0" complexity="1">
              <lines>
                <line number="82" hits="3"/>
              </lines>
            </method>
          </methods>
          <lines>
            <line number="63" hits="2"/>
            <line number="74" hits="1"/>
            <line number="82" hits="3"/>
          </lines>
        </class>
      </classes>
    </package>
    <package name="ServiceProvider.php" line-rate="1" branch-rate="0" complexity="44">
      <classes>
        <class name="Playground\Cms\Api\ServiceProvider" filename="ServiceProvider.php" line-rate="1" branch-rate="0" complexity="44">
          <methods>
            <method name="boot" signature="" line-rate="1" branch-rate="0" complexity="11">
              <lines>
                <line number="31" hits="115"/>
                <line number="33" hits="115"/>
                <line number="35" hits="115"/>
                <line number="36" hits="115"/>
                <line number="37" hits="115"/>
                <line number="38" hits="115"/>
                <line number="39" hits="115"/>
                <line number="42" hits="115"/>
                <line number="43" hits="115"/>
                <line number="44" hits="115"/>
                <line number="46" hits="115"/>
                <line number="47" hits="115"/>
                <line number="50" hits="115"/>
                <line number="51" hits="115"/>
                <line number="52" hits="115"/>
                <line number="54" hits="115"/>
                <line number="57" hits="115"/>
                <line number="59" hits="115"/>
                <line number="60" hits="115"/>
                <line number="61" hits="115"/>
                <line number="64" hits="115"/>
                <line number="65" hits="115"/>
                <line number="66" hits="115"/>
                <line number="70" hits="115"/>
              </lines>
            </method>
            <method name="register" signature="" line-rate="1" branch-rate="0" complexity="1">
              <lines>
                <line number="78" hits="115"/>
                <line number="79" hits="115"/>
                <line number="80" hits="115"/>
                <line number="81" hits="115"/>
              </lines>
            </method>
            <method name="setPolicies" signature="array $policies" line-rate="1" branch-rate="0" complexity="10">
              <lines>
                <line number="91" hits="115"/>
                <line number="92" hits="115"/>
                <line number="93" hits="1"/>
                <line number="94" hits="1"/>
                <line number="95" hits="1"/>
                <line number="96" hits="1"/>
                <line number="97" hits="1"/>
                <line number="98" hits="1"/>
                <line number="100" hits="1"/>
                <line number="102" hits="115"/>
                <line number="103" hits="1"/>
                <line number="104" hits="1"/>
                <line number="105" hits="1"/>
                <line number="106" hits="1"/>
                <line number="107" hits="1"/>
                <line number="108" hits="1"/>
                <line number="110" hits="1"/>
                <line number="112" hits="115"/>
              </lines>
            </method>
            <method name="routes" signature="array $config" line-rate="1" branch-rate="0" complexity="3">
              <lines>
                <line number="121" hits="115"/>
                <line number="122" hits="115"/>
                <line number="124" hits="115"/>
                <line number="125" hits="115"/>
              </lines>
            </method>
            <method name="about" signature="" line-rate="1" branch-rate="0" complexity="18">
              <lines>
                <line number="131" hits="115"/>
                <line number="132" hits="115"/>
                <line number="134" hits="115"/>
                <line number="136" hits="115"/>
                <line number="138" hits="115"/>
                <line number="140" hits="115"/>
                <line number="142" hits="115"/>
                <line number="144" hits="115"/>
                <line number="145" hits="115"/>
                <line number="146" hits="115"/>
                <line number="148" hits="115"/>
                <line number="149" hits="115"/>
                <line number="150" hits="115"/>
                <line number="152" hits="115"/>
                <line number="153" hits="115"/>
                <line number="154" hits="115"/>
                <line number="156" hits="115"/>
                <line number="157" hits="115"/>
                <line number="158" hits="115"/>
              </lines>
            </method>
            <method name="version" signature="" line-rate="1" branch-rate="0" complexity="1">
              <lines>
                <line number="163" hits="115"/>
              </lines>
            </method>
          </methods>
          <lines>
            <line number="31" hits="115"/>
            <line number="33" hits="115"/>
            <line number="35" hits="115"/>
            <line number="36" hits="115"/>
            <line number="37" hits="115"/>
            <line number="38" hits="115"/>
            <line number="39" hits="115"/>
            <line number="42" hits="115"/>
            <line number="43" hits="115"/>
            <line number="44" hits="115"/>
            <line number="46" hits="115"/>
            <line number="47" hits="115"/>
            <line number="50" hits="115"/>
            <line number="51" hits="115"/>
            <line number="52" hits="115"/>
            <line number="54" hits="115"/>
            <line number="57" hits="115"/>
            <line number="59" hits="115"/>
            <line number="60" hits="115"/>
            <line number="61" hits="115"/>
            <line number="64" hits="115"/>
            <line number="65" hits="115"/>
            <line number="66" hits="115"/>
            <line number="70" hits="115"/>
            <line number="78" hits="115"/>
            <line number="79" hits="115"/>
            <line number="80" hits="115"/>
            <line number="81" hits="115"/>
            <line number="91" hits="115"/>
            <line number="92" hits="115"/>
            <line number="93" hits="1"/>
            <line number="94" hits="1"/>
            <line number="95" hits="1"/>
            <line number="96" hits="1"/>
            <line number="97" hits="1"/>
            <line number="98" hits="1"/>
            <line number="100" hits="1"/>
            <line number="102" hits="115"/>
            <line number="103" hits="1"/>
            <line number="104" hits="1"/>
            <line number="105" hits="1"/>
            <line number="106" hits="1"/>
            <line number="107" hits="1"/>
            <line number="108" hits="1"/>
            <line number="110" hits="1"/>
            <line number="112" hits="115"/>
            <line number="121" hits="115"/>
            <line number="122" hits="115"/>
            <line number="124" hits="115"/>
            <line number="125" hits="115"/>
            <line number="131" hits="115"/>
            <line number="132" hits="115"/>
            <line number="134" hits="115"/>
            <line number="136" hits="115"/>
            <line number="138" hits="115"/>
            <line number="140" hits="115"/>
            <line number="142" hits="115"/>
            <line number="144" hits="115"/>
            <line number="145" hits="115"/>
            <line number="146" hits="115"/>
            <line number="148" hits="115"/>
            <line number="149" hits="115"/>
            <line number="150" hits="115"/>
            <line number="152" hits="115"/>
            <line number="153" hits="115"/>
            <line number="154" hits="115"/>
            <line number="156" hits="115"/>
            <line number="157" hits="115"/>
            <line number="158" hits="115"/>
            <line number="163" hits="115"/>
          </lines>
        </class>
      </classes>
    </package>
  </packages>
</coverage>
